This file contains any messages produced by compilers while
running configure, to aid debugging if configure makes a mistake.

It was created by GnuCOBOL configure 2.2, which was
generated by GNU Autoconf 2.69.  Invocation command line was

  $ ./configure 

## --------- ##
## Platform. ##
## --------- ##

hostname = DESKTOP-JQ7L08R
uname -m = x86_64
uname -r = 3.0.7(0.338/5/3)
uname -s = CYGWIN_NT-10.0
uname -v = 2019-04-30 18:08

/usr/bin/uname -p = unknown
/bin/uname -X     = unknown

/bin/arch              = x86_64
/usr/bin/arch -k       = unknown
/usr/convex/getsysinfo = unknown
/usr/bin/hostinfo      = unknown
/bin/machine           = unknown
/usr/bin/oslevel       = unknown
/bin/universe          = unknown

PATH: /usr/local/bin
PATH: /usr/bin
PATH: /cygdrive/c/Program Files (x86)/Embarcadero/Studio/20.0/bin
PATH: /cygdrive/c/Users/Public/Documents/Embarcadero/Studio/20.0/Bpl
PATH: /cygdrive/c/Program Files (x86)/Embarcadero/Studio/20.0/bin64
PATH: /cygdrive/c/Users/Public/Documents/Embarcadero/Studio/20.0/Bpl/Win64
PATH: /cygdrive/c/Program Files (x86)/Common Files/Oracle/Java/javapath
PATH: /cygdrive/c/Windows/system32
PATH: /cygdrive/c/Windows
PATH: /cygdrive/c/Windows/System32/Wbem
PATH: /cygdrive/c/Windows/System32/WindowsPowerShell/v1.0
PATH: /cygdrive/c/Windows/System32/OpenSSH
PATH: /cygdrive/c/Program Files/dotnet
PATH: /cygdrive/c/Program Files/Microsoft SQL Server/130/Tools/Binn
PATH: /cygdrive/c/Program Files/Git/cmd
PATH: /cygdrive/c/Program Files/Java/jdk1.8.0_202/bin
PATH: /cygdrive/c/Users/perei/AppData/Local/Programs/Python/Python36
PATH: /cygdrive/c/Users/perei/AppData/Local/Programs/Python/Python36/Scripts
PATH: /cygdrive/c/Users/perei/AppData/Roaming/Programs/Python/Python36/Scripts
PATH: /cygdrive/c/Program Files (x86)/GitExtensions
PATH: /cygdrive/c/Program Files/nodejs
PATH: /cygdrive/c/Users/perei/AppData/Local/Programs/Python/Launcher
PATH: /cygdrive/c/Users/perei/AppData/Local/Microsoft/WindowsApps
PATH: /cygdrive/c/Users/perei/AppData/Local/Programs/Microsoft VS Code/bi
PATH: /cygdrive/c/Program Files/Java/jdk1.8.0_202/bin"
PATH: /cygdrive/c/Users/perei/AppData/Local/Programs/Microsoft VS Code/bin
PATH: /cygdrive/c/Users/perei/AppData/Roaming/npm


## ----------- ##
## Core tests. ##
## ----------- ##

configure:2463: checking for a BSD-compatible install
configure:2531: result: /usr/bin/install -c
configure:2542: checking whether build environment is sane
configure:2597: result: yes
configure:2748: checking for a thread-safe mkdir -p
configure:2787: result: /usr/bin/mkdir -p
configure:2794: checking for gawk
configure:2810: found /usr/bin/gawk
configure:2821: result: gawk
configure:2832: checking whether make sets $(MAKE)
configure:2854: result: yes
configure:2883: checking whether make supports nested variables
configure:2900: result: yes
configure:3071: checking whether CFLAGS can be modified
configure:3078: result: yes
configure:3215: checking for gcc
configure:3231: found /usr/bin/gcc
configure:3242: result: gcc
configure:3273: checking for C compiler version
configure:3282: gcc --version >&5
gcc (GCC) 7.4.0
Copyright (C) 2017 Free Software Foundation, Inc.
This is free software; see the source for copying conditions.  There is NO
warranty; not even for MERCHANTABILITY or FITNESS FOR A PARTICULAR PURPOSE.

configure:3293: $? = 0
configure:3282: gcc -v >&5
Using built-in specs.
COLLECT_GCC=gcc
COLLECT_LTO_WRAPPER=/usr/lib/gcc/x86_64-pc-cygwin/7.4.0/lto-wrapper.exe
Target: x86_64-pc-cygwin
Configured with: /cygdrive/i/szsz/tmpp/gcc/gcc-7.4.0-1.x86_64/src/gcc-7.4.0/configure --srcdir=/cygdrive/i/szsz/tmpp/gcc/gcc-7.4.0-1.x86_64/src/gcc-7.4.0 --prefix=/usr --exec-prefix=/usr --localstatedir=/var --sysconfdir=/etc --docdir=/usr/share/doc/gcc --htmldir=/usr/share/doc/gcc/html -C --build=x86_64-pc-cygwin --host=x86_64-pc-cygwin --target=x86_64-pc-cygwin --without-libiconv-prefix --without-libintl-prefix --libexecdir=/usr/lib --enable-shared --enable-shared-libgcc --enable-static --enable-version-specific-runtime-libs --enable-bootstrap --enable-__cxa_atexit --with-dwarf2 --with-tune=generic --enable-languages=ada,c,c++,fortran,lto,objc,obj-c++ --enable-graphite --enable-threads=posix --enable-libatomic --enable-libcilkrts --enable-libgomp --enable-libitm --enable-libquadmath --enable-libquadmath-support --disable-libssp --enable-libada --disable-symvers --with-gnu-ld --with-gnu-as --with-cloog-include=/usr/include/cloog-isl --without-libiconv-prefix --without-libintl-prefix --with-system-zlib --enable-linker-build-id --with-default-libstdcxx-abi=gcc4-compatible --enable-libstdcxx-filesystem-ts
Thread model: posix
gcc version 7.4.0 (GCC) 
configure:3293: $? = 0
configure:3282: gcc -V >&5
gcc: error: unrecognized command line option '-V'
gcc: fatal error: no input files
compilation terminated.
configure:3293: $? = 1
configure:3282: gcc -qversion >&5
gcc: error: unrecognized command line option '-qversion'; did you mean '--version'?
gcc: fatal error: no input files
compilation terminated.
configure:3293: $? = 1
configure:3313: checking whether the C compiler works
configure:3335: gcc    conftest.c  >&5
configure:3339: $? = 0
configure:3387: result: yes
configure:3390: checking for C compiler default output file name
configure:3392: result: a.exe
configure:3398: checking for suffix of executables
configure:3405: gcc -o conftest.exe    conftest.c  >&5
configure:3409: $? = 0
configure:3431: result: .exe
configure:3453: checking whether we are cross compiling
configure:3461: gcc -o conftest.exe    conftest.c  >&5
configure:3465: $? = 0
configure:3472: ./conftest.exe
configure:3476: $? = 0
configure:3491: result: no
configure:3496: checking for suffix of object files
configure:3518: gcc -c   conftest.c >&5
configure:3522: $? = 0
configure:3543: result: o
configure:3547: checking whether we are using the GNU C compiler
configure:3566: gcc -c   conftest.c >&5
configure:3566: $? = 0
configure:3575: result: yes
configure:3584: checking whether gcc accepts -g
configure:3604: gcc -c -g  conftest.c >&5
configure:3604: $? = 0
configure:3645: result: yes
configure:3662: checking for gcc option to accept ISO C89
configure:3725: gcc  -c -g -O2  conftest.c >&5
configure:3725: $? = 0
configure:3738: result: none needed
configure:3763: checking whether gcc understands -c and -o together
configure:3785: gcc -c conftest.c -o conftest2.o
configure:3788: $? = 0
configure:3785: gcc -c conftest.c -o conftest2.o
configure:3788: $? = 0
configure:3800: result: yes
configure:3828: checking for style of include used by make
configure:3856: result: GNU
configure:3882: checking dependency style of gcc
configure:3993: result: gcc3
configure:4012: checking for gcc option to accept ISO C99
configure:4161: gcc  -c -g -O2  conftest.c >&5
configure:4161: $? = 0
configure:4174: result: none needed
configure:4282: checking for gcc option to accept ISO Standard C
configure:4293: result: none needed
configure:4306: checking how to run the C preprocessor
configure:4337: gcc -E  conftest.c
configure:4337: $? = 0
configure:4351: gcc -E  conftest.c
conftest.c:13:10: fatal error: ac_nonexistent.h: No such file or directory
 #include <ac_nonexistent.h>
          ^~~~~~~~~~~~~~~~~~
compilation terminated.
configure:4351: $? = 1
configure: failed program was:
| /* confdefs.h */
| #define PACKAGE_NAME "GnuCOBOL"
| #define PACKAGE_TARNAME "gnucobol"
| #define PACKAGE_VERSION "2.2"
| #define PACKAGE_STRING "GnuCOBOL 2.2"
| #define PACKAGE_BUGREPORT "bug-gnucobol@gnu.org"
| #define PACKAGE_URL "https://www.gnu.org/software/gnucobol/"
| #define PACKAGE "gnucobol"
| #define VERSION "2.2"
| #define PATCH_LEVEL 0
| #define MAX_CALL_FIELD_PARAMS 192
| /* end confdefs.h.  */
| #include <ac_nonexistent.h>
configure:4376: result: gcc -E
configure:4396: gcc -E  conftest.c
configure:4396: $? = 0
configure:4410: gcc -E  conftest.c
conftest.c:13:10: fatal error: ac_nonexistent.h: No such file or directory
 #include <ac_nonexistent.h>
          ^~~~~~~~~~~~~~~~~~
compilation terminated.
configure:4410: $? = 1
configure: failed program was:
| /* confdefs.h */
| #define PACKAGE_NAME "GnuCOBOL"
| #define PACKAGE_TARNAME "gnucobol"
| #define PACKAGE_VERSION "2.2"
| #define PACKAGE_STRING "GnuCOBOL 2.2"
| #define PACKAGE_BUGREPORT "bug-gnucobol@gnu.org"
| #define PACKAGE_URL "https://www.gnu.org/software/gnucobol/"
| #define PACKAGE "gnucobol"
| #define VERSION "2.2"
| #define PATCH_LEVEL 0
| #define MAX_CALL_FIELD_PARAMS 192
| /* end confdefs.h.  */
| #include <ac_nonexistent.h>
configure:4441: checking for grep that handles long lines and -e
configure:4499: result: /usr/bin/grep
configure:4504: checking for egrep
configure:4566: result: /usr/bin/grep -E
configure:4571: checking for ANSI C header files
configure:4591: gcc -c -g -O2  conftest.c >&5
configure:4591: $? = 0
configure:4664: gcc -o conftest.exe -g -O2   conftest.c  >&5
configure:4664: $? = 0
configure:4664: ./conftest.exe
configure:4664: $? = 0
configure:4675: result: yes
configure:4688: checking for sys/types.h
configure:4688: gcc -c -g -O2  conftest.c >&5
configure:4688: $? = 0
configure:4688: result: yes
configure:4688: checking for sys/stat.h
configure:4688: gcc -c -g -O2  conftest.c >&5
configure:4688: $? = 0
configure:4688: result: yes
configure:4688: checking for stdlib.h
configure:4688: gcc -c -g -O2  conftest.c >&5
configure:4688: $? = 0
configure:4688: result: yes
configure:4688: checking for string.h
configure:4688: gcc -c -g -O2  conftest.c >&5
configure:4688: $? = 0
configure:4688: result: yes
configure:4688: checking for memory.h
configure:4688: gcc -c -g -O2  conftest.c >&5
configure:4688: $? = 0
configure:4688: result: yes
configure:4688: checking for strings.h
configure:4688: gcc -c -g -O2  conftest.c >&5
configure:4688: $? = 0
configure:4688: result: yes
configure:4688: checking for inttypes.h
configure:4688: gcc -c -g -O2  conftest.c >&5
configure:4688: $? = 0
configure:4688: result: yes
configure:4688: checking for stdint.h
configure:4688: gcc -c -g -O2  conftest.c >&5
configure:4688: $? = 0
configure:4688: result: yes
configure:4688: checking for unistd.h
configure:4688: gcc -c -g -O2  conftest.c >&5
configure:4688: $? = 0
configure:4688: result: yes
configure:4701: checking minix/config.h usability
configure:4701: gcc -c -g -O2  conftest.c >&5
conftest.c:56:10: fatal error: minix/config.h: No such file or directory
 #include <minix/config.h>
          ^~~~~~~~~~~~~~~~
compilation terminated.
configure:4701: $? = 1
configure: failed program was:
| /* confdefs.h */
| #define PACKAGE_NAME "GnuCOBOL"
| #define PACKAGE_TARNAME "gnucobol"
| #define PACKAGE_VERSION "2.2"
| #define PACKAGE_STRING "GnuCOBOL 2.2"
| #define PACKAGE_BUGREPORT "bug-gnucobol@gnu.org"
| #define PACKAGE_URL "https://www.gnu.org/software/gnucobol/"
| #define PACKAGE "gnucobol"
| #define VERSION "2.2"
| #define PATCH_LEVEL 0
| #define MAX_CALL_FIELD_PARAMS 192
| #define STDC_HEADERS 1
| #define HAVE_SYS_TYPES_H 1
| #define HAVE_SYS_STAT_H 1
| #define HAVE_STDLIB_H 1
| #define HAVE_STRING_H 1
| #define HAVE_MEMORY_H 1
| #define HAVE_STRINGS_H 1
| #define HAVE_INTTYPES_H 1
| #define HAVE_STDINT_H 1
| #define HAVE_UNISTD_H 1
| /* end confdefs.h.  */
| #include <stdio.h>
| #ifdef HAVE_SYS_TYPES_H
| # include <sys/types.h>
| #endif
| #ifdef HAVE_SYS_STAT_H
| # include <sys/stat.h>
| #endif
| #ifdef STDC_HEADERS
| # include <stdlib.h>
| # include <stddef.h>
| #else
| # ifdef HAVE_STDLIB_H
| #  include <stdlib.h>
| # endif
| #endif
| #ifdef HAVE_STRING_H
| # if !defined STDC_HEADERS && defined HAVE_MEMORY_H
| #  include <memory.h>
| # endif
| # include <string.h>
| #endif
| #ifdef HAVE_STRINGS_H
| # include <strings.h>
| #endif
| #ifdef HAVE_INTTYPES_H
| # include <inttypes.h>
| #endif
| #ifdef HAVE_STDINT_H
| # include <stdint.h>
| #endif
| #ifdef HAVE_UNISTD_H
| # include <unistd.h>
| #endif
| #include <minix/config.h>
configure:4701: result: no
configure:4701: checking minix/config.h presence
configure:4701: gcc -E  conftest.c
conftest.c:23:10: fatal error: minix/config.h: No such file or directory
 #include <minix/config.h>
          ^~~~~~~~~~~~~~~~
compilation terminated.
configure:4701: $? = 1
configure: failed program was:
| /* confdefs.h */
| #define PACKAGE_NAME "GnuCOBOL"
| #define PACKAGE_TARNAME "gnucobol"
| #define PACKAGE_VERSION "2.2"
| #define PACKAGE_STRING "GnuCOBOL 2.2"
| #define PACKAGE_BUGREPORT "bug-gnucobol@gnu.org"
| #define PACKAGE_URL "https://www.gnu.org/software/gnucobol/"
| #define PACKAGE "gnucobol"
| #define VERSION "2.2"
| #define PATCH_LEVEL 0
| #define MAX_CALL_FIELD_PARAMS 192
| #define STDC_HEADERS 1
| #define HAVE_SYS_TYPES_H 1
| #define HAVE_SYS_STAT_H 1
| #define HAVE_STDLIB_H 1
| #define HAVE_STRING_H 1
| #define HAVE_MEMORY_H 1
| #define HAVE_STRINGS_H 1
| #define HAVE_INTTYPES_H 1
| #define HAVE_STDINT_H 1
| #define HAVE_UNISTD_H 1
| /* end confdefs.h.  */
| #include <minix/config.h>
configure:4701: result: no
configure:4701: checking for minix/config.h
configure:4701: result: no
configure:4722: checking whether it is safe to define __EXTENSIONS__
configure:4740: gcc -c -g -O2  conftest.c >&5
configure:4740: $? = 0
configure:4747: result: yes
configure:4791: checking build system type
configure:4805: result: x86_64-unknown-cygwin
configure:4825: checking host system type
configure:4838: result: x86_64-unknown-cygwin
configure:4879: checking how to print strings
configure:4906: result: printf
configure:4927: checking for a sed that does not truncate output
configure:4991: result: /usr/bin/sed
configure:5009: checking for fgrep
configure:5071: result: /usr/bin/grep -F
configure:5106: checking for ld used by gcc
configure:5173: result: /usr/x86_64-pc-cygwin/bin/ld.exe
configure:5180: checking if the linker (/usr/x86_64-pc-cygwin/bin/ld.exe) is GNU ld
configure:5195: result: yes
configure:5207: checking for BSD- or MS-compatible name lister (nm)
configure:5261: result: /usr/bin/nm -B
configure:5391: checking the name lister (/usr/bin/nm -B) interface
configure:5398: gcc -c -g -O2  conftest.c >&5
configure:5401: /usr/bin/nm -B "conftest.o"
configure:5404: output
0000000000000000 b .bss
0000000000000000 d .data
0000000000000000 N .debug_abbrev
0000000000000000 N .debug_aranges
0000000000000000 N .debug_info
0000000000000000 N .debug_line
0000000000000000 r .rdata$zzz
0000000000000000 t .text
0000000000000000 B some_variable
configure:5411: result: BSD nm
configure:5414: checking whether ln -s works
configure:5418: result: yes
configure:5426: checking the maximum length of command line arguments
configure:5557: result: 8192
configure:5605: checking how to convert x86_64-unknown-cygwin file names to x86_64-unknown-cygwin format
configure:5645: result: func_convert_file_noop
configure:5652: checking how to convert x86_64-unknown-cygwin file names to toolchain format
configure:5672: result: func_convert_file_noop
configure:5679: checking for /usr/x86_64-pc-cygwin/bin/ld.exe option to reload object files
configure:5686: result: -r
configure:5760: checking for objdump
configure:5776: found /usr/bin/objdump
configure:5787: result: objdump
configure:5816: checking how to recognize dependent libraries
configure:6016: result: file_magic ^x86 archive import|^x86 DLL
configure:6101: checking for dlltool
configure:6117: found /usr/bin/dlltool
configure:6128: result: dlltool
configure:6158: checking how to associate runtime and link libraries
configure:6185: result: func_cygming_dll_for_implib
configure:6245: checking for ar
configure:6261: found /usr/bin/ar
configure:6272: result: ar
configure:6309: checking for archiver @FILE support
configure:6326: gcc -c -g -O2  conftest.c >&5
configure:6326: $? = 0
configure:6329: ar cru libconftest.a @conftest.lst >&5
configure:6332: $? = 0
configure:6337: ar cru libconftest.a @conftest.lst >&5
ar: conftest.o: No such file or directory
configure:6340: $? = 1
configure:6352: result: @
configure:6410: checking for strip
configure:6426: found /usr/bin/strip
configure:6437: result: strip
configure:6509: checking for ranlib
configure:6525: found /usr/bin/ranlib
configure:6536: result: ranlib
configure:6638: checking command to parse /usr/bin/nm -B output from gcc object
configure:6791: gcc -c -g -O2  conftest.c >&5
configure:6794: $? = 0
configure:6798: /usr/bin/nm -B conftest.o \| sed -n -e 's/^.*[ ]\([ABCDGIRSTW][ABCDGIRSTW]*\)[ ][ ]*\([_A-Za-z][_A-Za-z0-9]*\)$/\1 \2 \2/p' | sed '/ __gnu_lto/d' \> conftest.nm
configure:6801: $? = 0
configure:6867: gcc -o conftest.exe -g -O2   conftest.c conftstm.o >&5
configure:6870: $? = 0
configure:6908: result: ok
configure:6955: checking for sysroot
configure:6985: result: no
configure:6992: checking for a working dd
configure:7030: result: /usr/bin/dd
configure:7034: checking how to truncate binary pipes
configure:7049: result: /usr/bin/dd bs=4096 count=1
configure:7378: checking for mt
configure:7408: result: no
configure:7428: checking if : is a manifest tool
configure:7434: : '-?'
configure:7442: result: no
configure:8116: checking for dlfcn.h
configure:8116: gcc -c -g -O2  conftest.c >&5
configure:8116: $? = 0
configure:8116: result: yes
configure:8180: checking for as
configure:8196: found /usr/bin/as
configure:8207: result: as
configure:8272: checking for dlltool
configure:8299: result: dlltool
configure:8364: checking for objdump
configure:8391: result: objdump
configure:8669: checking for objdir
configure:8684: result: .libs
configure:8948: checking if gcc supports -fno-rtti -fno-exceptions
configure:8966: gcc -c -g -O2  -fno-rtti -fno-exceptions conftest.c >&5
cc1: warning: command line option '-fno-rtti' is valid for C++/ObjC++ but not for C
configure:8970: $? = 0
configure:8983: result: no
configure:9341: checking for gcc option to produce PIC
configure:9348: result: -DDLL_EXPORT -DPIC
configure:9356: checking if gcc PIC flag -DDLL_EXPORT -DPIC works
configure:9374: gcc -c -g -O2  -DDLL_EXPORT -DPIC -DPIC conftest.c >&5
configure:9378: $? = 0
configure:9391: result: yes
configure:9420: checking if gcc static flag -static works
configure:9448: result: yes
configure:9463: checking if gcc supports -c -o file.o
configure:9484: gcc -c -g -O2  -o out/conftest2.o conftest.c >&5
configure:9488: $? = 0
configure:9510: result: yes
configure:9518: checking if gcc supports -c -o file.o
configure:9565: result: yes
configure:9598: checking whether the gcc linker (/usr/x86_64-pc-cygwin/bin/ld.exe) supports shared libraries
configure:10857: result: yes
configure:10894: checking whether -lc should be explicitly linked in
configure:10902: gcc -c -g -O2  conftest.c >&5
configure:10905: $? = 0
configure:10920: gcc -shared conftest.o  -v -o ./conftest -Wl,--enable-auto-image-base -Xlinker --out-implib -Xlinker conftest 2\>\&1 \| /usr/bin/grep  -lc  \>/dev/null 2\>\&1
configure:10923: $? = 1
configure:10937: result: yes
configure:11097: checking dynamic linker characteristics
configure:11915: result: Win32 ld.exe
configure:12037: checking how to hardcode library paths into programs
configure:12062: result: immediate
configure:12364: checking whether a program can dlopen itself
configure:12444: gcc -o conftest.exe -g -O2  -DHAVE_DLFCN_H  -Wl,--export-all-symbols conftest.c   >&5
configure:12447: $? = 0
configure:12465: result: yes
configure:12470: checking whether a statically linked program can dlopen itself
configure:12550: gcc -o conftest.exe -g -O2  -DHAVE_DLFCN_H  -Wl,--export-all-symbols -static conftest.c   >&5
configure:12553: $? = 0
configure:12571: result: yes
configure:12610: checking whether stripping libraries is possible
configure:12615: result: yes
configure:12650: checking if libtool supports shared libraries
configure:12652: result: yes
configure:12655: checking whether to build shared libraries
configure:12680: result: yes
configure:12683: checking whether to build static libraries
configure:12687: result: yes
configure:12725: checking for egrep
configure:12787: result: /usr/bin/grep -E
configure:12798: checking for flex
configure:12828: result: no
configure:12798: checking for lex
configure:12828: result: no
configure:12960: checking for bison
configure:12990: result: no
configure:12960: checking for byacc
configure:12990: result: no
configure:13003: checking whether ln -s works
configure:13007: result: yes
configure:13020: checking whether make sets $(MAKE)
configure:13042: result: yes
configure:13076: checking for ld used by gcc
configure:13143: result: /usr/x86_64-pc-cygwin/bin/ld.exe
configure:13150: checking if the linker (/usr/x86_64-pc-cygwin/bin/ld.exe) is GNU ld
configure:13165: result: yes
configure:13172: checking for shared library run path origin
configure:13185: result: done
configure:13207: checking for ANSI C header files
configure:13311: result: yes
configure:13323: checking for stdint.h
configure:13323: result: yes
configure:13323: checking for sys/types.h
configure:13323: result: yes
configure:13323: checking signal.h usability
configure:13323: gcc -c -g -O2  conftest.c >&5
configure:13323: $? = 0
configure:13323: result: yes
configure:13323: checking signal.h presence
configure:13323: gcc -E  conftest.c
configure:13323: $? = 0
configure:13323: result: yes
configure:13323: checking for signal.h
configure:13323: result: yes
configure:13323: checking fcntl.h usability
configure:13323: gcc -c -g -O2  conftest.c >&5
configure:13323: $? = 0
configure:13323: result: yes
configure:13323: checking fcntl.h presence
configure:13323: gcc -E  conftest.c
configure:13323: $? = 0
configure:13323: result: yes
configure:13323: checking for fcntl.h
configure:13323: result: yes
configure:13323: checking malloc.h usability
configure:13323: gcc -c -g -O2  conftest.c >&5
configure:13323: $? = 0
configure:13323: result: yes
configure:13323: checking malloc.h presence
configure:13323: gcc -E  conftest.c
configure:13323: $? = 0
configure:13323: result: yes
configure:13323: checking for malloc.h
configure:13323: result: yes
configure:13323: checking locale.h usability
configure:13323: gcc -c -g -O2  conftest.c >&5
configure:13323: $? = 0
configure:13323: result: yes
configure:13323: checking locale.h presence
configure:13323: gcc -E  conftest.c
configure:13323: $? = 0
configure:13323: result: yes
configure:13323: checking for locale.h
configure:13323: result: yes
configure:13323: checking stddef.h usability
configure:13323: gcc -c -g -O2  conftest.c >&5
configure:13323: $? = 0
configure:13323: result: yes
configure:13323: checking stddef.h presence
configure:13323: gcc -E  conftest.c
configure:13323: $? = 0
configure:13323: result: yes
configure:13323: checking for stddef.h
configure:13323: result: yes
configure:13323: checking wchar.h usability
configure:13323: gcc -c -g -O2  conftest.c >&5
configure:13323: $? = 0
configure:13323: result: yes
configure:13323: checking wchar.h presence
configure:13323: gcc -E  conftest.c
configure:13323: $? = 0
configure:13323: result: yes
configure:13323: checking for wchar.h
configure:13323: result: yes
configure:13323: checking for dlfcn.h
configure:13323: result: yes
configure:13323: checking sys/time.h usability
configure:13323: gcc -c -g -O2  conftest.c >&5
configure:13323: $? = 0
configure:13323: result: yes
configure:13323: checking sys/time.h presence
configure:13323: gcc -E  conftest.c
configure:13323: $? = 0
configure:13323: result: yes
configure:13323: checking for sys/time.h
configure:13323: result: yes
configure:13323: checking sys/wait.h usability
configure:13323: gcc -c -g -O2  conftest.c >&5
configure:13323: $? = 0
configure:13323: result: yes
configure:13323: checking sys/wait.h presence
configure:13323: gcc -E  conftest.c
configure:13323: $? = 0
configure:13323: result: yes
configure:13323: checking for sys/wait.h
configure:13323: result: yes
configure:13336: checking for an ANSI C-conforming const
configure:13402: gcc -c -g -O2  conftest.c >&5
configure:13402: $? = 0
configure:13409: result: yes
configure:13417: checking whether byte ordering is bigendian
configure:13432: gcc -c -g -O2  conftest.c >&5
conftest.c:43:9: error: unknown type name 'not'
         not a universal capable compiler
         ^~~
conftest.c:43:15: error: expected '=', ',', ';', 'asm' or '__attribute__' before 'universal'
         not a universal capable compiler
               ^~~~~~~~~
conftest.c:43:15: error: unknown type name 'universal'
configure:13432: $? = 1
configure: failed program was:
| /* confdefs.h */
| #define PACKAGE_NAME "GnuCOBOL"
| #define PACKAGE_TARNAME "gnucobol"
| #define PACKAGE_VERSION "2.2"
| #define PACKAGE_STRING "GnuCOBOL 2.2"
| #define PACKAGE_BUGREPORT "bug-gnucobol@gnu.org"
| #define PACKAGE_URL "https://www.gnu.org/software/gnucobol/"
| #define PACKAGE "gnucobol"
| #define VERSION "2.2"
| #define PATCH_LEVEL 0
| #define MAX_CALL_FIELD_PARAMS 192
| #define STDC_HEADERS 1
| #define HAVE_SYS_TYPES_H 1
| #define HAVE_SYS_STAT_H 1
| #define HAVE_STDLIB_H 1
| #define HAVE_STRING_H 1
| #define HAVE_MEMORY_H 1
| #define HAVE_STRINGS_H 1
| #define HAVE_INTTYPES_H 1
| #define HAVE_STDINT_H 1
| #define HAVE_UNISTD_H 1
| #define __EXTENSIONS__ 1
| #define _ALL_SOURCE 1
| #define _GNU_SOURCE 1
| #define _POSIX_PTHREAD_SEMANTICS 1
| #define _TANDEM_SOURCE 1
| #define HAVE_DLFCN_H 1
| #define LT_OBJDIR ".libs/"
| #define STDC_HEADERS 1
| #define HAVE_STDINT_H 1
| #define HAVE_SYS_TYPES_H 1
| #define HAVE_SIGNAL_H 1
| #define HAVE_FCNTL_H 1
| #define HAVE_MALLOC_H 1
| #define HAVE_LOCALE_H 1
| #define HAVE_STDDEF_H 1
| #define HAVE_WCHAR_H 1
| #define HAVE_DLFCN_H 1
| #define HAVE_SYS_TIME_H 1
| #define HAVE_SYS_WAIT_H 1
| /* end confdefs.h.  */
| #ifndef __APPLE_CC__
| 	       not a universal capable compiler
| 	     #endif
| 	     typedef int dummy;
| 
configure:13477: gcc -c -g -O2  conftest.c >&5
configure:13477: $? = 0
configure:13495: gcc -c -g -O2  conftest.c >&5
conftest.c: In function 'main':
conftest.c:49:4: error: unknown type name 'not'; did you mean 'ino_t'?
    not big endian
    ^~~
    ino_t
conftest.c:49:12: error: expected '=', ',', ';', 'asm' or '__attribute__' before 'endian'
    not big endian
            ^~~~~~
configure:13495: $? = 1
configure: failed program was:
| /* confdefs.h */
| #define PACKAGE_NAME "GnuCOBOL"
| #define PACKAGE_TARNAME "gnucobol"
| #define PACKAGE_VERSION "2.2"
| #define PACKAGE_STRING "GnuCOBOL 2.2"
| #define PACKAGE_BUGREPORT "bug-gnucobol@gnu.org"
| #define PACKAGE_URL "https://www.gnu.org/software/gnucobol/"
| #define PACKAGE "gnucobol"
| #define VERSION "2.2"
| #define PATCH_LEVEL 0
| #define MAX_CALL_FIELD_PARAMS 192
| #define STDC_HEADERS 1
| #define HAVE_SYS_TYPES_H 1
| #define HAVE_SYS_STAT_H 1
| #define HAVE_STDLIB_H 1
| #define HAVE_STRING_H 1
| #define HAVE_MEMORY_H 1
| #define HAVE_STRINGS_H 1
| #define HAVE_INTTYPES_H 1
| #define HAVE_STDINT_H 1
| #define HAVE_UNISTD_H 1
| #define __EXTENSIONS__ 1
| #define _ALL_SOURCE 1
| #define _GNU_SOURCE 1
| #define _POSIX_PTHREAD_SEMANTICS 1
| #define _TANDEM_SOURCE 1
| #define HAVE_DLFCN_H 1
| #define LT_OBJDIR ".libs/"
| #define STDC_HEADERS 1
| #define HAVE_STDINT_H 1
| #define HAVE_SYS_TYPES_H 1
| #define HAVE_SIGNAL_H 1
| #define HAVE_FCNTL_H 1
| #define HAVE_MALLOC_H 1
| #define HAVE_LOCALE_H 1
| #define HAVE_STDDEF_H 1
| #define HAVE_WCHAR_H 1
| #define HAVE_DLFCN_H 1
| #define HAVE_SYS_TIME_H 1
| #define HAVE_SYS_WAIT_H 1
| /* end confdefs.h.  */
| #include <sys/types.h>
| 		#include <sys/param.h>
| 
| int
| main ()
| {
| #if BYTE_ORDER != BIG_ENDIAN
| 		 not big endian
| 		#endif
| 
|   ;
|   return 0;
| }
configure:13623: result: no
configure:13641: checking for size_t
configure:13641: gcc -c -g -O2  conftest.c >&5
configure:13641: $? = 0
configure:13641: gcc -c -g -O2  conftest.c >&5
conftest.c: In function 'main':
conftest.c:78:21: error: expected expression before ')' token
 if (sizeof ((size_t)))
                     ^
configure:13641: $? = 1
configure: failed program was:
| /* confdefs.h */
| #define PACKAGE_NAME "GnuCOBOL"
| #define PACKAGE_TARNAME "gnucobol"
| #define PACKAGE_VERSION "2.2"
| #define PACKAGE_STRING "GnuCOBOL 2.2"
| #define PACKAGE_BUGREPORT "bug-gnucobol@gnu.org"
| #define PACKAGE_URL "https://www.gnu.org/software/gnucobol/"
| #define PACKAGE "gnucobol"
| #define VERSION "2.2"
| #define PATCH_LEVEL 0
| #define MAX_CALL_FIELD_PARAMS 192
| #define STDC_HEADERS 1
| #define HAVE_SYS_TYPES_H 1
| #define HAVE_SYS_STAT_H 1
| #define HAVE_STDLIB_H 1
| #define HAVE_STRING_H 1
| #define HAVE_MEMORY_H 1
| #define HAVE_STRINGS_H 1
| #define HAVE_INTTYPES_H 1
| #define HAVE_STDINT_H 1
| #define HAVE_UNISTD_H 1
| #define __EXTENSIONS__ 1
| #define _ALL_SOURCE 1
| #define _GNU_SOURCE 1
| #define _POSIX_PTHREAD_SEMANTICS 1
| #define _TANDEM_SOURCE 1
| #define HAVE_DLFCN_H 1
| #define LT_OBJDIR ".libs/"
| #define STDC_HEADERS 1
| #define HAVE_STDINT_H 1
| #define HAVE_SYS_TYPES_H 1
| #define HAVE_SIGNAL_H 1
| #define HAVE_FCNTL_H 1
| #define HAVE_MALLOC_H 1
| #define HAVE_LOCALE_H 1
| #define HAVE_STDDEF_H 1
| #define HAVE_WCHAR_H 1
| #define HAVE_DLFCN_H 1
| #define HAVE_SYS_TIME_H 1
| #define HAVE_SYS_WAIT_H 1
| /* end confdefs.h.  */
| #include <stdio.h>
| #ifdef HAVE_SYS_TYPES_H
| # include <sys/types.h>
| #endif
| #ifdef HAVE_SYS_STAT_H
| # include <sys/stat.h>
| #endif
| #ifdef STDC_HEADERS
| # include <stdlib.h>
| # include <stddef.h>
| #else
| # ifdef HAVE_STDLIB_H
| #  include <stdlib.h>
| # endif
| #endif
| #ifdef HAVE_STRING_H
| # if !defined STDC_HEADERS && defined HAVE_MEMORY_H
| #  include <memory.h>
| # endif
| # include <string.h>
| #endif
| #ifdef HAVE_STRINGS_H
| # include <strings.h>
| #endif
| #ifdef HAVE_INTTYPES_H
| # include <inttypes.h>
| #endif
| #ifdef HAVE_STDINT_H
| # include <stdint.h>
| #endif
| #ifdef HAVE_UNISTD_H
| # include <unistd.h>
| #endif
| int
| main ()
| {
| if (sizeof ((size_t)))
| 	    return 0;
|   ;
|   return 0;
| }
configure:13641: result: yes
configure:13652: checking whether struct tm is in sys/time.h or time.h
configure:13672: gcc -c -g -O2  conftest.c >&5
configure:13672: $? = 0
configure:13679: result: time.h
configure:13687: checking for sig_atomic_t
configure:13687: gcc -c -g -O2  conftest.c >&5
configure:13687: $? = 0
configure:13687: gcc -c -g -O2  conftest.c >&5
conftest.c: In function 'main':
conftest.c:47:27: error: expected expression before ')' token
 if (sizeof ((sig_atomic_t)))
                           ^
configure:13687: $? = 1
configure: failed program was:
| /* confdefs.h */
| #define PACKAGE_NAME "GnuCOBOL"
| #define PACKAGE_TARNAME "gnucobol"
| #define PACKAGE_VERSION "2.2"
| #define PACKAGE_STRING "GnuCOBOL 2.2"
| #define PACKAGE_BUGREPORT "bug-gnucobol@gnu.org"
| #define PACKAGE_URL "https://www.gnu.org/software/gnucobol/"
| #define PACKAGE "gnucobol"
| #define VERSION "2.2"
| #define PATCH_LEVEL 0
| #define MAX_CALL_FIELD_PARAMS 192
| #define STDC_HEADERS 1
| #define HAVE_SYS_TYPES_H 1
| #define HAVE_SYS_STAT_H 1
| #define HAVE_STDLIB_H 1
| #define HAVE_STRING_H 1
| #define HAVE_MEMORY_H 1
| #define HAVE_STRINGS_H 1
| #define HAVE_INTTYPES_H 1
| #define HAVE_STDINT_H 1
| #define HAVE_UNISTD_H 1
| #define __EXTENSIONS__ 1
| #define _ALL_SOURCE 1
| #define _GNU_SOURCE 1
| #define _POSIX_PTHREAD_SEMANTICS 1
| #define _TANDEM_SOURCE 1
| #define HAVE_DLFCN_H 1
| #define LT_OBJDIR ".libs/"
| #define STDC_HEADERS 1
| #define HAVE_STDINT_H 1
| #define HAVE_SYS_TYPES_H 1
| #define HAVE_SIGNAL_H 1
| #define HAVE_FCNTL_H 1
| #define HAVE_MALLOC_H 1
| #define HAVE_LOCALE_H 1
| #define HAVE_STDDEF_H 1
| #define HAVE_WCHAR_H 1
| #define HAVE_DLFCN_H 1
| #define HAVE_SYS_TIME_H 1
| #define HAVE_SYS_WAIT_H 1
| /* end confdefs.h.  */
| #include <signal.h>
| 
| int
| main ()
| {
| if (sizeof ((sig_atomic_t)))
| 	    return 0;
|   ;
|   return 0;
| }
configure:13687: result: yes
configure:13701: checking for inline keyword
configure:13725: gcc -c -g -O2  conftest.c >&5
configure:13725: $? = 0
configure:13733: result: __inline
configure:13741: checking for vprintf
configure:13741: gcc -o conftest.exe -g -O2   conftest.c  >&5
conftest.c:67:6: warning: conflicting types for built-in function 'vprintf' [-Wbuiltin-declaration-mismatch]
 char vprintf ();
      ^~~~~~~
configure:13741: $? = 0
configure:13741: result: yes
configure:13747: checking for _doprnt
configure:13747: gcc -o conftest.exe -g -O2   conftest.c  >&5
/tmp/ccXVQpZF.o: In function `main':
/cygdrive/c/OC/gnucobol-2.2/conftest.c:79: undefined reference to `_doprnt'
/cygdrive/c/OC/gnucobol-2.2/conftest.c:79:(.text.startup+0xa): relocation truncated to fit: R_X86_64_PC32 against undefined symbol `_doprnt'
collect2: error: ld returned 1 exit status
configure:13747: $? = 1
configure: failed program was:
| /* confdefs.h */
| #define PACKAGE_NAME "GnuCOBOL"
| #define PACKAGE_TARNAME "gnucobol"
| #define PACKAGE_VERSION "2.2"
| #define PACKAGE_STRING "GnuCOBOL 2.2"
| #define PACKAGE_BUGREPORT "bug-gnucobol@gnu.org"
| #define PACKAGE_URL "https://www.gnu.org/software/gnucobol/"
| #define PACKAGE "gnucobol"
| #define VERSION "2.2"
| #define PATCH_LEVEL 0
| #define MAX_CALL_FIELD_PARAMS 192
| #define STDC_HEADERS 1
| #define HAVE_SYS_TYPES_H 1
| #define HAVE_SYS_STAT_H 1
| #define HAVE_STDLIB_H 1
| #define HAVE_STRING_H 1
| #define HAVE_MEMORY_H 1
| #define HAVE_STRINGS_H 1
| #define HAVE_INTTYPES_H 1
| #define HAVE_STDINT_H 1
| #define HAVE_UNISTD_H 1
| #define __EXTENSIONS__ 1
| #define _ALL_SOURCE 1
| #define _GNU_SOURCE 1
| #define _POSIX_PTHREAD_SEMANTICS 1
| #define _TANDEM_SOURCE 1
| #define HAVE_DLFCN_H 1
| #define LT_OBJDIR ".libs/"
| #define STDC_HEADERS 1
| #define HAVE_STDINT_H 1
| #define HAVE_SYS_TYPES_H 1
| #define HAVE_SIGNAL_H 1
| #define HAVE_FCNTL_H 1
| #define HAVE_MALLOC_H 1
| #define HAVE_LOCALE_H 1
| #define HAVE_STDDEF_H 1
| #define HAVE_WCHAR_H 1
| #define HAVE_DLFCN_H 1
| #define HAVE_SYS_TIME_H 1
| #define HAVE_SYS_WAIT_H 1
| #define HAVE_SIG_ATOMIC_T 1
| #define COB_KEYWORD_INLINE __inline
| #define HAVE_VPRINTF 1
| /* end confdefs.h.  */
| /* Define _doprnt to an innocuous variant, in case <limits.h> declares _doprnt.
|    For example, HP-UX 11i <limits.h> declares gettimeofday.  */
| #define _doprnt innocuous__doprnt
| 
| /* System header to define __stub macros and hopefully few prototypes,
|     which can conflict with char _doprnt (); below.
|     Prefer <limits.h> to <assert.h> if __STDC__ is defined, since
|     <limits.h> exists even on freestanding compilers.  */
| 
| #ifdef __STDC__
| # include <limits.h>
| #else
| # include <assert.h>
| #endif
| 
| #undef _doprnt
| 
| /* Override any GCC internal prototype to avoid an error.
|    Use char because int might match the return type of a GCC
|    builtin and then its argument prototype would still apply.  */
| #ifdef __cplusplus
| extern "C"
| #endif
| char _doprnt ();
| /* The GNU C library defines this for functions which it implements
|     to always fail with ENOSYS.  Some functions are actually named
|     something starting with __ and the normal name is an alias.  */
| #if defined __stub__doprnt || defined __stub____doprnt
| choke me
| #endif
| 
| int
| main ()
| {
| return _doprnt ();
|   ;
|   return 0;
| }
configure:13747: result: no
configure:13764: checking for memmove
configure:13764: gcc -o conftest.exe -g -O2   conftest.c  >&5
conftest.c:68:6: warning: conflicting types for built-in function 'memmove' [-Wbuiltin-declaration-mismatch]
 char memmove ();
      ^~~~~~~
configure:13764: $? = 0
configure:13764: result: yes
configure:13764: checking for memset
configure:13764: gcc -o conftest.exe -g -O2   conftest.c  >&5
conftest.c:69:6: warning: conflicting types for built-in function 'memset' [-Wbuiltin-declaration-mismatch]
 char memset ();
      ^~~~~~
configure:13764: $? = 0
configure:13764: result: yes
configure:13764: checking for setlocale
configure:13764: gcc -o conftest.exe -g -O2   conftest.c  >&5
configure:13764: $? = 0
configure:13764: result: yes
configure:13764: checking for fcntl
configure:13764: gcc -o conftest.exe -g -O2   conftest.c  >&5
configure:13764: $? = 0
configure:13764: result: yes
configure:13764: checking for strerror
configure:13764: gcc -o conftest.exe -g -O2   conftest.c  >&5
configure:13764: $? = 0
configure:13764: result: yes
configure:13764: checking for strcasecmp
configure:13764: gcc -o conftest.exe -g -O2   conftest.c  >&5
conftest.c:73:6: warning: conflicting types for built-in function 'strcasecmp' [-Wbuiltin-declaration-mismatch]
 char strcasecmp ();
      ^~~~~~~~~~
configure:13764: $? = 0
configure:13764: result: yes
configure:13764: checking for strchr
configure:13764: gcc -o conftest.exe -g -O2   conftest.c  >&5
conftest.c:74:6: warning: conflicting types for built-in function 'strchr' [-Wbuiltin-declaration-mismatch]
 char strchr ();
      ^~~~~~
configure:13764: $? = 0
configure:13764: result: yes
configure:13764: checking for strrchr
configure:13764: gcc -o conftest.exe -g -O2   conftest.c  >&5
conftest.c:75:6: warning: conflicting types for built-in function 'strrchr' [-Wbuiltin-declaration-mismatch]
 char strrchr ();
      ^~~~~~~
configure:13764: $? = 0
configure:13764: result: yes
configure:13764: checking for strdup
configure:13764: gcc -o conftest.exe -g -O2   conftest.c  >&5
conftest.c:76:6: warning: conflicting types for built-in function 'strdup' [-Wbuiltin-declaration-mismatch]
 char strdup ();
      ^~~~~~
configure:13764: $? = 0
configure:13764: result: yes
configure:13764: checking for strstr
configure:13764: gcc -o conftest.exe -g -O2   conftest.c  >&5
conftest.c:77:6: warning: conflicting types for built-in function 'strstr' [-Wbuiltin-declaration-mismatch]
 char strstr ();
      ^~~~~~
configure:13764: $? = 0
configure:13764: result: yes
configure:13764: checking for strtol
configure:13764: gcc -o conftest.exe -g -O2   conftest.c  >&5
configure:13764: $? = 0
configure:13764: result: yes
configure:13764: checking for gettimeofday
configure:13764: gcc -o conftest.exe -g -O2   conftest.c  >&5
configure:13764: $? = 0
configure:13764: result: yes
configure:13764: checking for localeconv
configure:13764: gcc -o conftest.exe -g -O2   conftest.c  >&5
configure:13764: $? = 0
configure:13764: result: yes
configure:13764: checking for readlink
configure:13764: gcc -o conftest.exe -g -O2   conftest.c  >&5
configure:13764: $? = 0
configure:13764: result: yes
configure:13764: checking for getexecname
configure:13764: gcc -o conftest.exe -g -O2   conftest.c  >&5
/tmp/ccvGdYUA.o: In function `main':
/cygdrive/c/OC/gnucobol-2.2/conftest.c:93: undefined reference to `getexecname'
/cygdrive/c/OC/gnucobol-2.2/conftest.c:93:(.text.startup+0xa): relocation truncated to fit: R_X86_64_PC32 against undefined symbol `getexecname'
collect2: error: ld returned 1 exit status
configure:13764: $? = 1
configure: failed program was:
| /* confdefs.h */
| #define PACKAGE_NAME "GnuCOBOL"
| #define PACKAGE_TARNAME "gnucobol"
| #define PACKAGE_VERSION "2.2"
| #define PACKAGE_STRING "GnuCOBOL 2.2"
| #define PACKAGE_BUGREPORT "bug-gnucobol@gnu.org"
| #define PACKAGE_URL "https://www.gnu.org/software/gnucobol/"
| #define PACKAGE "gnucobol"
| #define VERSION "2.2"
| #define PATCH_LEVEL 0
| #define MAX_CALL_FIELD_PARAMS 192
| #define STDC_HEADERS 1
| #define HAVE_SYS_TYPES_H 1
| #define HAVE_SYS_STAT_H 1
| #define HAVE_STDLIB_H 1
| #define HAVE_STRING_H 1
| #define HAVE_MEMORY_H 1
| #define HAVE_STRINGS_H 1
| #define HAVE_INTTYPES_H 1
| #define HAVE_STDINT_H 1
| #define HAVE_UNISTD_H 1
| #define __EXTENSIONS__ 1
| #define _ALL_SOURCE 1
| #define _GNU_SOURCE 1
| #define _POSIX_PTHREAD_SEMANTICS 1
| #define _TANDEM_SOURCE 1
| #define HAVE_DLFCN_H 1
| #define LT_OBJDIR ".libs/"
| #define STDC_HEADERS 1
| #define HAVE_STDINT_H 1
| #define HAVE_SYS_TYPES_H 1
| #define HAVE_SIGNAL_H 1
| #define HAVE_FCNTL_H 1
| #define HAVE_MALLOC_H 1
| #define HAVE_LOCALE_H 1
| #define HAVE_STDDEF_H 1
| #define HAVE_WCHAR_H 1
| #define HAVE_DLFCN_H 1
| #define HAVE_SYS_TIME_H 1
| #define HAVE_SYS_WAIT_H 1
| #define HAVE_SIG_ATOMIC_T 1
| #define COB_KEYWORD_INLINE __inline
| #define HAVE_VPRINTF 1
| #define HAVE_MEMMOVE 1
| #define HAVE_MEMSET 1
| #define HAVE_SETLOCALE 1
| #define HAVE_FCNTL 1
| #define HAVE_STRERROR 1
| #define HAVE_STRCASECMP 1
| #define HAVE_STRCHR 1
| #define HAVE_STRRCHR 1
| #define HAVE_STRDUP 1
| #define HAVE_STRSTR 1
| #define HAVE_STRTOL 1
| #define HAVE_GETTIMEOFDAY 1
| #define HAVE_LOCALECONV 1
| #define HAVE_READLINK 1
| /* end confdefs.h.  */
| /* Define getexecname to an innocuous variant, in case <limits.h> declares getexecname.
|    For example, HP-UX 11i <limits.h> declares gettimeofday.  */
| #define getexecname innocuous_getexecname
| 
| /* System header to define __stub macros and hopefully few prototypes,
|     which can conflict with char getexecname (); below.
|     Prefer <limits.h> to <assert.h> if __STDC__ is defined, since
|     <limits.h> exists even on freestanding compilers.  */
| 
| #ifdef __STDC__
| # include <limits.h>
| #else
| # include <assert.h>
| #endif
| 
| #undef getexecname
| 
| /* Override any GCC internal prototype to avoid an error.
|    Use char because int might match the return type of a GCC
|    builtin and then its argument prototype would still apply.  */
| #ifdef __cplusplus
| extern "C"
| #endif
| char getexecname ();
| /* The GNU C library defines this for functions which it implements
|     to always fail with ENOSYS.  Some functions are actually named
|     something starting with __ and the normal name is an alias.  */
| #if defined __stub_getexecname || defined __stub___getexecname
| choke me
| #endif
| 
| int
| main ()
| {
| return getexecname ();
|   ;
|   return 0;
| }
configure:13764: result: no
configure:13764: checking for canonicalize_file_name
configure:13764: gcc -o conftest.exe -g -O2   conftest.c  >&5
configure:13764: $? = 0
configure:13764: result: yes
configure:13764: checking for realpath
configure:13764: gcc -o conftest.exe -g -O2   conftest.c  >&5
configure:13764: $? = 0
configure:13764: result: yes
configure:13764: checking for strcoll
configure:13764: gcc -o conftest.exe -g -O2   conftest.c  >&5
configure:13764: $? = 0
configure:13764: result: yes
configure:13764: checking for strxfrm
configure:13764: gcc -o conftest.exe -g -O2   conftest.c  >&5
configure:13764: $? = 0
configure:13764: result: yes
configure:13764: checking for setenv
configure:13764: gcc -o conftest.exe -g -O2   conftest.c  >&5
configure:13764: $? = 0
configure:13764: result: yes
configure:13764: checking for raise
configure:13764: gcc -o conftest.exe -g -O2   conftest.c  >&5
configure:13764: $? = 0
configure:13764: result: yes
configure:13799: gcc -o conftest.exe -g -O2   conftest.c  >&5
configure:13799: $? = 0
configure:13799: ./conftest.exe
configure:13799: $? = 1
configure: program exited with status 1
configure: failed program was:
| /* confdefs.h */
| #define PACKAGE_NAME "GnuCOBOL"
| #define PACKAGE_TARNAME "gnucobol"
| #define PACKAGE_VERSION "2.2"
| #define PACKAGE_STRING "GnuCOBOL 2.2"
| #define PACKAGE_BUGREPORT "bug-gnucobol@gnu.org"
| #define PACKAGE_URL "https://www.gnu.org/software/gnucobol/"
| #define PACKAGE "gnucobol"
| #define VERSION "2.2"
| #define PATCH_LEVEL 0
| #define MAX_CALL_FIELD_PARAMS 192
| #define STDC_HEADERS 1
| #define HAVE_SYS_TYPES_H 1
| #define HAVE_SYS_STAT_H 1
| #define HAVE_STDLIB_H 1
| #define HAVE_STRING_H 1
| #define HAVE_MEMORY_H 1
| #define HAVE_STRINGS_H 1
| #define HAVE_INTTYPES_H 1
| #define HAVE_STDINT_H 1
| #define HAVE_UNISTD_H 1
| #define __EXTENSIONS__ 1
| #define _ALL_SOURCE 1
| #define _GNU_SOURCE 1
| #define _POSIX_PTHREAD_SEMANTICS 1
| #define _TANDEM_SOURCE 1
| #define HAVE_DLFCN_H 1
| #define LT_OBJDIR ".libs/"
| #define STDC_HEADERS 1
| #define HAVE_STDINT_H 1
| #define HAVE_SYS_TYPES_H 1
| #define HAVE_SIGNAL_H 1
| #define HAVE_FCNTL_H 1
| #define HAVE_MALLOC_H 1
| #define HAVE_LOCALE_H 1
| #define HAVE_STDDEF_H 1
| #define HAVE_WCHAR_H 1
| #define HAVE_DLFCN_H 1
| #define HAVE_SYS_TIME_H 1
| #define HAVE_SYS_WAIT_H 1
| #define HAVE_SIG_ATOMIC_T 1
| #define COB_KEYWORD_INLINE __inline
| #define HAVE_VPRINTF 1
| #define HAVE_MEMMOVE 1
| #define HAVE_MEMSET 1
| #define HAVE_SETLOCALE 1
| #define HAVE_FCNTL 1
| #define HAVE_STRERROR 1
| #define HAVE_STRCASECMP 1
| #define HAVE_STRCHR 1
| #define HAVE_STRRCHR 1
| #define HAVE_STRDUP 1
| #define HAVE_STRSTR 1
| #define HAVE_STRTOL 1
| #define HAVE_GETTIMEOFDAY 1
| #define HAVE_LOCALECONV 1
| #define HAVE_READLINK 1
| #define HAVE_CANONICALIZE_FILE_NAME 1
| #define HAVE_REALPATH 1
| #define HAVE_STRCOLL 1
| #define HAVE_STRXFRM 1
| #define HAVE_SETENV 1
| #define HAVE_RAISE 1
| /* end confdefs.h.  */
| 
| int
| main ()
| {
| 
| 	#ifdef _BSD_SOURCE
| 	return 0;
| 	#else
| 	return 1;
| 	#endif
|   ;
|   return 0;
| }
configure:13808: checking for timezone variable access
configure:13821: gcc -c -g -O2  conftest.c >&5
configure:13821: $? = 0
configure:13825: result: yes
configure:13834: checking for designated initializers
configure:13850: gcc -c -g -O2  conftest.c >&5
configure:13850: $? = 0
configure:13852: result: yes
configure:13891: gcc -o conftest.exe -g -O2   conftest.c  >&5
configure:13891: $? = 0
configure:13891: ./conftest.exe
configure:13891: $? = 0
configure:13921: gcc -o conftest.exe -g -O2   conftest.c  >&5
configure:13921: $? = 0
configure:13921: ./conftest.exe
configure:13921: $? = 0
configure:13951: gcc -o conftest.exe -g -O2   conftest.c  >&5
configure:13951: $? = 0
configure:13951: ./conftest.exe
configure:13951: $? = 1
configure: program exited with status 1
configure: failed program was:
| /* confdefs.h */
| #define PACKAGE_NAME "GnuCOBOL"
| #define PACKAGE_TARNAME "gnucobol"
| #define PACKAGE_VERSION "2.2"
| #define PACKAGE_STRING "GnuCOBOL 2.2"
| #define PACKAGE_BUGREPORT "bug-gnucobol@gnu.org"
| #define PACKAGE_URL "https://www.gnu.org/software/gnucobol/"
| #define PACKAGE "gnucobol"
| #define VERSION "2.2"
| #define PATCH_LEVEL 0
| #define MAX_CALL_FIELD_PARAMS 192
| #define STDC_HEADERS 1
| #define HAVE_SYS_TYPES_H 1
| #define HAVE_SYS_STAT_H 1
| #define HAVE_STDLIB_H 1
| #define HAVE_STRING_H 1
| #define HAVE_MEMORY_H 1
| #define HAVE_STRINGS_H 1
| #define HAVE_INTTYPES_H 1
| #define HAVE_STDINT_H 1
| #define HAVE_UNISTD_H 1
| #define __EXTENSIONS__ 1
| #define _ALL_SOURCE 1
| #define _GNU_SOURCE 1
| #define _POSIX_PTHREAD_SEMANTICS 1
| #define _TANDEM_SOURCE 1
| #define HAVE_DLFCN_H 1
| #define LT_OBJDIR ".libs/"
| #define STDC_HEADERS 1
| #define HAVE_STDINT_H 1
| #define HAVE_SYS_TYPES_H 1
| #define HAVE_SIGNAL_H 1
| #define HAVE_FCNTL_H 1
| #define HAVE_MALLOC_H 1
| #define HAVE_LOCALE_H 1
| #define HAVE_STDDEF_H 1
| #define HAVE_WCHAR_H 1
| #define HAVE_DLFCN_H 1
| #define HAVE_SYS_TIME_H 1
| #define HAVE_SYS_WAIT_H 1
| #define HAVE_SIG_ATOMIC_T 1
| #define COB_KEYWORD_INLINE __inline
| #define HAVE_VPRINTF 1
| #define HAVE_MEMMOVE 1
| #define HAVE_MEMSET 1
| #define HAVE_SETLOCALE 1
| #define HAVE_FCNTL 1
| #define HAVE_STRERROR 1
| #define HAVE_STRCASECMP 1
| #define HAVE_STRCHR 1
| #define HAVE_STRRCHR 1
| #define HAVE_STRDUP 1
| #define HAVE_STRSTR 1
| #define HAVE_STRTOL 1
| #define HAVE_GETTIMEOFDAY 1
| #define HAVE_LOCALECONV 1
| #define HAVE_READLINK 1
| #define HAVE_CANONICALIZE_FILE_NAME 1
| #define HAVE_REALPATH 1
| #define HAVE_STRCOLL 1
| #define HAVE_STRXFRM 1
| #define HAVE_SETENV 1
| #define HAVE_RAISE 1
| #define HAVE_TIMEZONE 1
| #define HAVE_DESIGNATED_INITS 1
| /* end confdefs.h.  */
| 
| int
| main ()
| {
| 
| 	#ifdef __INTEL_COMPILER
| 	return 0;
| 	#else
| 	return 1;
| 	#endif
|   ;
|   return 0;
| }
configure:13981: gcc -o conftest.exe -g -O2   conftest.c  >&5
configure:13981: $? = 0
configure:13981: ./conftest.exe
configure:13981: $? = 1
configure: program exited with status 1
configure: failed program was:
| /* confdefs.h */
| #define PACKAGE_NAME "GnuCOBOL"
| #define PACKAGE_TARNAME "gnucobol"
| #define PACKAGE_VERSION "2.2"
| #define PACKAGE_STRING "GnuCOBOL 2.2"
| #define PACKAGE_BUGREPORT "bug-gnucobol@gnu.org"
| #define PACKAGE_URL "https://www.gnu.org/software/gnucobol/"
| #define PACKAGE "gnucobol"
| #define VERSION "2.2"
| #define PATCH_LEVEL 0
| #define MAX_CALL_FIELD_PARAMS 192
| #define STDC_HEADERS 1
| #define HAVE_SYS_TYPES_H 1
| #define HAVE_SYS_STAT_H 1
| #define HAVE_STDLIB_H 1
| #define HAVE_STRING_H 1
| #define HAVE_MEMORY_H 1
| #define HAVE_STRINGS_H 1
| #define HAVE_INTTYPES_H 1
| #define HAVE_STDINT_H 1
| #define HAVE_UNISTD_H 1
| #define __EXTENSIONS__ 1
| #define _ALL_SOURCE 1
| #define _GNU_SOURCE 1
| #define _POSIX_PTHREAD_SEMANTICS 1
| #define _TANDEM_SOURCE 1
| #define HAVE_DLFCN_H 1
| #define LT_OBJDIR ".libs/"
| #define STDC_HEADERS 1
| #define HAVE_STDINT_H 1
| #define HAVE_SYS_TYPES_H 1
| #define HAVE_SIGNAL_H 1
| #define HAVE_FCNTL_H 1
| #define HAVE_MALLOC_H 1
| #define HAVE_LOCALE_H 1
| #define HAVE_STDDEF_H 1
| #define HAVE_WCHAR_H 1
| #define HAVE_DLFCN_H 1
| #define HAVE_SYS_TIME_H 1
| #define HAVE_SYS_WAIT_H 1
| #define HAVE_SIG_ATOMIC_T 1
| #define COB_KEYWORD_INLINE __inline
| #define HAVE_VPRINTF 1
| #define HAVE_MEMMOVE 1
| #define HAVE_MEMSET 1
| #define HAVE_SETLOCALE 1
| #define HAVE_FCNTL 1
| #define HAVE_STRERROR 1
| #define HAVE_STRCASECMP 1
| #define HAVE_STRCHR 1
| #define HAVE_STRRCHR 1
| #define HAVE_STRDUP 1
| #define HAVE_STRSTR 1
| #define HAVE_STRTOL 1
| #define HAVE_GETTIMEOFDAY 1
| #define HAVE_LOCALECONV 1
| #define HAVE_READLINK 1
| #define HAVE_CANONICALIZE_FILE_NAME 1
| #define HAVE_REALPATH 1
| #define HAVE_STRCOLL 1
| #define HAVE_STRXFRM 1
| #define HAVE_SETENV 1
| #define HAVE_RAISE 1
| #define HAVE_TIMEZONE 1
| #define HAVE_DESIGNATED_INITS 1
| /* end confdefs.h.  */
| 
| int
| main ()
| {
| 
| 	#ifdef __clang__
| 	return 0;
| 	#else
| 	return 1;
| 	#endif
|   ;
|   return 0;
| }
configure:14011: gcc -o conftest.exe -g -O2   conftest.c  >&5
configure:14011: $? = 0
configure:14011: ./conftest.exe
configure:14011: $? = 1
configure: program exited with status 1
configure: failed program was:
| /* confdefs.h */
| #define PACKAGE_NAME "GnuCOBOL"
| #define PACKAGE_TARNAME "gnucobol"
| #define PACKAGE_VERSION "2.2"
| #define PACKAGE_STRING "GnuCOBOL 2.2"
| #define PACKAGE_BUGREPORT "bug-gnucobol@gnu.org"
| #define PACKAGE_URL "https://www.gnu.org/software/gnucobol/"
| #define PACKAGE "gnucobol"
| #define VERSION "2.2"
| #define PATCH_LEVEL 0
| #define MAX_CALL_FIELD_PARAMS 192
| #define STDC_HEADERS 1
| #define HAVE_SYS_TYPES_H 1
| #define HAVE_SYS_STAT_H 1
| #define HAVE_STDLIB_H 1
| #define HAVE_STRING_H 1
| #define HAVE_MEMORY_H 1
| #define HAVE_STRINGS_H 1
| #define HAVE_INTTYPES_H 1
| #define HAVE_STDINT_H 1
| #define HAVE_UNISTD_H 1
| #define __EXTENSIONS__ 1
| #define _ALL_SOURCE 1
| #define _GNU_SOURCE 1
| #define _POSIX_PTHREAD_SEMANTICS 1
| #define _TANDEM_SOURCE 1
| #define HAVE_DLFCN_H 1
| #define LT_OBJDIR ".libs/"
| #define STDC_HEADERS 1
| #define HAVE_STDINT_H 1
| #define HAVE_SYS_TYPES_H 1
| #define HAVE_SIGNAL_H 1
| #define HAVE_FCNTL_H 1
| #define HAVE_MALLOC_H 1
| #define HAVE_LOCALE_H 1
| #define HAVE_STDDEF_H 1
| #define HAVE_WCHAR_H 1
| #define HAVE_DLFCN_H 1
| #define HAVE_SYS_TIME_H 1
| #define HAVE_SYS_WAIT_H 1
| #define HAVE_SIG_ATOMIC_T 1
| #define COB_KEYWORD_INLINE __inline
| #define HAVE_VPRINTF 1
| #define HAVE_MEMMOVE 1
| #define HAVE_MEMSET 1
| #define HAVE_SETLOCALE 1
| #define HAVE_FCNTL 1
| #define HAVE_STRERROR 1
| #define HAVE_STRCASECMP 1
| #define HAVE_STRCHR 1
| #define HAVE_STRRCHR 1
| #define HAVE_STRDUP 1
| #define HAVE_STRSTR 1
| #define HAVE_STRTOL 1
| #define HAVE_GETTIMEOFDAY 1
| #define HAVE_LOCALECONV 1
| #define HAVE_READLINK 1
| #define HAVE_CANONICALIZE_FILE_NAME 1
| #define HAVE_REALPATH 1
| #define HAVE_STRCOLL 1
| #define HAVE_STRXFRM 1
| #define HAVE_SETENV 1
| #define HAVE_RAISE 1
| #define HAVE_TIMEZONE 1
| #define HAVE_DESIGNATED_INITS 1
| /* end confdefs.h.  */
| 
| int
| main ()
| {
| 
| 	#ifdef __xlc__
| 	return 0;
| 	#else
| 	return 1;
| 	#endif
|   ;
|   return 0;
| }
configure:14041: gcc -o conftest.exe -g -O2   conftest.c  >&5
configure:14041: $? = 0
configure:14041: ./conftest.exe
configure:14041: $? = 1
configure: program exited with status 1
configure: failed program was:
| /* confdefs.h */
| #define PACKAGE_NAME "GnuCOBOL"
| #define PACKAGE_TARNAME "gnucobol"
| #define PACKAGE_VERSION "2.2"
| #define PACKAGE_STRING "GnuCOBOL 2.2"
| #define PACKAGE_BUGREPORT "bug-gnucobol@gnu.org"
| #define PACKAGE_URL "https://www.gnu.org/software/gnucobol/"
| #define PACKAGE "gnucobol"
| #define VERSION "2.2"
| #define PATCH_LEVEL 0
| #define MAX_CALL_FIELD_PARAMS 192
| #define STDC_HEADERS 1
| #define HAVE_SYS_TYPES_H 1
| #define HAVE_SYS_STAT_H 1
| #define HAVE_STDLIB_H 1
| #define HAVE_STRING_H 1
| #define HAVE_MEMORY_H 1
| #define HAVE_STRINGS_H 1
| #define HAVE_INTTYPES_H 1
| #define HAVE_STDINT_H 1
| #define HAVE_UNISTD_H 1
| #define __EXTENSIONS__ 1
| #define _ALL_SOURCE 1
| #define _GNU_SOURCE 1
| #define _POSIX_PTHREAD_SEMANTICS 1
| #define _TANDEM_SOURCE 1
| #define HAVE_DLFCN_H 1
| #define LT_OBJDIR ".libs/"
| #define STDC_HEADERS 1
| #define HAVE_STDINT_H 1
| #define HAVE_SYS_TYPES_H 1
| #define HAVE_SIGNAL_H 1
| #define HAVE_FCNTL_H 1
| #define HAVE_MALLOC_H 1
| #define HAVE_LOCALE_H 1
| #define HAVE_STDDEF_H 1
| #define HAVE_WCHAR_H 1
| #define HAVE_DLFCN_H 1
| #define HAVE_SYS_TIME_H 1
| #define HAVE_SYS_WAIT_H 1
| #define HAVE_SIG_ATOMIC_T 1
| #define COB_KEYWORD_INLINE __inline
| #define HAVE_VPRINTF 1
| #define HAVE_MEMMOVE 1
| #define HAVE_MEMSET 1
| #define HAVE_SETLOCALE 1
| #define HAVE_FCNTL 1
| #define HAVE_STRERROR 1
| #define HAVE_STRCASECMP 1
| #define HAVE_STRCHR 1
| #define HAVE_STRRCHR 1
| #define HAVE_STRDUP 1
| #define HAVE_STRSTR 1
| #define HAVE_STRTOL 1
| #define HAVE_GETTIMEOFDAY 1
| #define HAVE_LOCALECONV 1
| #define HAVE_READLINK 1
| #define HAVE_CANONICALIZE_FILE_NAME 1
| #define HAVE_REALPATH 1
| #define HAVE_STRCOLL 1
| #define HAVE_STRXFRM 1
| #define HAVE_SETENV 1
| #define HAVE_RAISE 1
| #define HAVE_TIMEZONE 1
| #define HAVE_DESIGNATED_INITS 1
| /* end confdefs.h.  */
| 
| int
| main ()
| {
| 
| 	#ifdef __WATCOMC__
| 	return 0;
| 	#else
| 	return 1;
| 	#endif
|   ;
|   return 0;
| }
configure:14070: checking whether to build with code coverage support
configure:14090: result: no
configure:14743: Checks for GMP ...
configure:14747: checking gmp.h usability
configure:14747: gcc -c -g -O2  conftest.c >&5
configure:14747: $? = 0
configure:14747: result: yes
configure:14747: checking gmp.h presence
configure:14747: gcc -E  conftest.c
configure:14747: $? = 0
configure:14747: result: yes
configure:14747: checking for gmp.h
configure:14747: result: yes
configure:14760: checking for __gmpz_init in -lgmp
configure:14785: gcc -o conftest.exe -g -O2   conftest.c -lgmp   >&5
configure:14785: $? = 0
configure:14794: result: yes
configure:14825: gcc -o conftest.exe -g -O2   conftest.c  >&5
configure:14825: $? = 0
configure:14825: ./conftest.exe
configure:14825: $? = 0
configure:14861: gcc -o conftest.exe -g -O2   conftest.c  -lgmp >&5
configure:14861: $? = 0
configure:14861: ./conftest.exe
configure:14861: $? = 0
configure:14874: checking matching GMP version
configure:14880: result: yes (6.1)
configure:14892: checking for __gmp_get_memory_functions in -lgmp
configure:14917: gcc -o conftest.exe -g -O2   conftest.c -lgmp   >&5
configure:14917: $? = 0
configure:14926: result: yes
configure:14936: checking for nanosleep
configure:14949: gcc -o conftest.exe -g -O2   conftest.c  >&5
configure:14949: $? = 0
configure:14951: result: yes
configure:15066: checking for clock_gettime and CLOCK_REALTIME
configure:15079: gcc -o conftest.exe -g -O2   conftest.c  >&5
configure:15079: $? = 0
configure:15081: result: yes
configure:15090: checking for isfinite 
configure:15103: gcc -o conftest.exe -g -O2   conftest.c  >&5
configure:15103: $? = 0
configure:15105: result: yes
configure:15123: checking prototype for finite in <math.h>
configure:15132: result: yes
configure:15163: checking for fdatasync
configure:15163: gcc -o conftest.exe -g -O2   conftest.c  >&5
configure:15163: $? = 0
configure:15163: result: yes
configure:15163: checking for sigaction
configure:15163: gcc -o conftest.exe -g -O2   conftest.c  >&5
configure:15163: $? = 0
configure:15163: result: yes
configure:15197: checking whether NLS is requested
configure:15206: result: yes
configure:15246: checking for msgfmt
configure: trying /usr/bin/msgfmt...
0 translated messages.
configure:15278: result: /usr/bin/msgfmt
configure:15287: checking for gmsgfmt
configure:15318: result: /usr/bin/msgfmt
configure:15368: checking for xgettext
configure: trying /usr/bin/xgettext...
/usr/bin/xgettext: warning: file '/dev/null' extension '' is unknown; will try C
configure:15400: result: /usr/bin/xgettext
configure:15445: checking for msgmerge
configure: trying /usr/bin/msgmerge...
configure:15476: result: /usr/bin/msgmerge
configure:16062: checking for CFPreferencesCopyAppValue
configure:16089: result: no
configure:16096: checking for CFLocaleCopyCurrent
configure:16123: result: no
configure:16172: checking for GNU gettext in libc
configure:16201: gcc -o conftest.exe -g -O2   conftest.c  >&5
/tmp/ccORWTWs.o: In function `main':
/cygdrive/c/OC/gnucobol-2.2/conftest.c:90: undefined reference to `libintl_bindtextdomain'
/cygdrive/c/OC/gnucobol-2.2/conftest.c:90:(.text.startup+0x14): relocation truncated to fit: R_X86_64_PC32 against undefined symbol `libintl_bindtextdomain'
/cygdrive/c/OC/gnucobol-2.2/conftest.c:91: undefined reference to `libintl_gettext'
/cygdrive/c/OC/gnucobol-2.2/conftest.c:91:(.text.startup+0x20): relocation truncated to fit: R_X86_64_PC32 against undefined symbol `libintl_gettext'
collect2: error: ld returned 1 exit status
configure:16201: $? = 1
configure: failed program was:
| /* confdefs.h */
| #define PACKAGE_NAME "GnuCOBOL"
| #define PACKAGE_TARNAME "gnucobol"
| #define PACKAGE_VERSION "2.2"
| #define PACKAGE_STRING "GnuCOBOL 2.2"
| #define PACKAGE_BUGREPORT "bug-gnucobol@gnu.org"
| #define PACKAGE_URL "https://www.gnu.org/software/gnucobol/"
| #define PACKAGE "gnucobol"
| #define VERSION "2.2"
| #define PATCH_LEVEL 0
| #define MAX_CALL_FIELD_PARAMS 192
| #define STDC_HEADERS 1
| #define HAVE_SYS_TYPES_H 1
| #define HAVE_SYS_STAT_H 1
| #define HAVE_STDLIB_H 1
| #define HAVE_STRING_H 1
| #define HAVE_MEMORY_H 1
| #define HAVE_STRINGS_H 1
| #define HAVE_INTTYPES_H 1
| #define HAVE_STDINT_H 1
| #define HAVE_UNISTD_H 1
| #define __EXTENSIONS__ 1
| #define _ALL_SOURCE 1
| #define _GNU_SOURCE 1
| #define _POSIX_PTHREAD_SEMANTICS 1
| #define _TANDEM_SOURCE 1
| #define HAVE_DLFCN_H 1
| #define LT_OBJDIR ".libs/"
| #define STDC_HEADERS 1
| #define HAVE_STDINT_H 1
| #define HAVE_SYS_TYPES_H 1
| #define HAVE_SIGNAL_H 1
| #define HAVE_FCNTL_H 1
| #define HAVE_MALLOC_H 1
| #define HAVE_LOCALE_H 1
| #define HAVE_STDDEF_H 1
| #define HAVE_WCHAR_H 1
| #define HAVE_DLFCN_H 1
| #define HAVE_SYS_TIME_H 1
| #define HAVE_SYS_WAIT_H 1
| #define HAVE_SIG_ATOMIC_T 1
| #define COB_KEYWORD_INLINE __inline
| #define HAVE_VPRINTF 1
| #define HAVE_MEMMOVE 1
| #define HAVE_MEMSET 1
| #define HAVE_SETLOCALE 1
| #define HAVE_FCNTL 1
| #define HAVE_STRERROR 1
| #define HAVE_STRCASECMP 1
| #define HAVE_STRCHR 1
| #define HAVE_STRRCHR 1
| #define HAVE_STRDUP 1
| #define HAVE_STRSTR 1
| #define HAVE_STRTOL 1
| #define HAVE_GETTIMEOFDAY 1
| #define HAVE_LOCALECONV 1
| #define HAVE_READLINK 1
| #define HAVE_CANONICALIZE_FILE_NAME 1
| #define HAVE_REALPATH 1
| #define HAVE_STRCOLL 1
| #define HAVE_STRXFRM 1
| #define HAVE_SETENV 1
| #define HAVE_RAISE 1
| #define HAVE_TIMEZONE 1
| #define HAVE_DESIGNATED_INITS 1
| #define WITH_VARSEQ 0
| #define HAVE_GMP_H 1
| #define HAVE_MP_GET_MEMORY_FUNCTIONS 1
| #define HAVE_NANO_SLEEP 1
| #define HAVE_CLOCK_GETTIME 1
| #define HAVE_ISFINITE 1
| #define HAVE_FDATASYNC 1
| #define HAVE_SIGACTION 1
| /* end confdefs.h.  */
| 
| #include <libintl.h>
| #ifndef __GNU_GETTEXT_SUPPORTED_REVISION
| extern int _nl_msg_cat_cntr;
| extern int *_nl_domain_bindings;
| #define __GNU_GETTEXT_SYMBOL_EXPRESSION (_nl_msg_cat_cntr + *_nl_domain_bindings)
| #else
| #define __GNU_GETTEXT_SYMBOL_EXPRESSION 0
| #endif
| 
| 
| int
| main ()
| {
| 
| bindtextdomain ("", "");
| return * gettext ("") + __GNU_GETTEXT_SYMBOL_EXPRESSION
| 
|   ;
|   return 0;
| }
configure:16210: result: no
configure:16244: checking for iconv
configure:16268: gcc -o conftest.exe -g -O2   conftest.c  >&5
/tmp/ccYMgpB8.o: In function `main':
/cygdrive/c/OC/gnucobol-2.2/conftest.c:82: undefined reference to `libiconv_open'
/cygdrive/c/OC/gnucobol-2.2/conftest.c:82:(.text.startup+0x15): relocation truncated to fit: R_X86_64_PC32 against undefined symbol `libiconv_open'
/cygdrive/c/OC/gnucobol-2.2/conftest.c:83: undefined reference to `libiconv'
/cygdrive/c/OC/gnucobol-2.2/conftest.c:83:(.text.startup+0x31): relocation truncated to fit: R_X86_64_PC32 against undefined symbol `libiconv'
/cygdrive/c/OC/gnucobol-2.2/conftest.c:84: undefined reference to `libiconv_close'
/cygdrive/c/OC/gnucobol-2.2/conftest.c:84:(.text.startup+0x39): relocation truncated to fit: R_X86_64_PC32 against undefined symbol `libiconv_close'
collect2: error: ld returned 1 exit status
configure:16268: $? = 1
configure: failed program was:
| /* confdefs.h */
| #define PACKAGE_NAME "GnuCOBOL"
| #define PACKAGE_TARNAME "gnucobol"
| #define PACKAGE_VERSION "2.2"
| #define PACKAGE_STRING "GnuCOBOL 2.2"
| #define PACKAGE_BUGREPORT "bug-gnucobol@gnu.org"
| #define PACKAGE_URL "https://www.gnu.org/software/gnucobol/"
| #define PACKAGE "gnucobol"
| #define VERSION "2.2"
| #define PATCH_LEVEL 0
| #define MAX_CALL_FIELD_PARAMS 192
| #define STDC_HEADERS 1
| #define HAVE_SYS_TYPES_H 1
| #define HAVE_SYS_STAT_H 1
| #define HAVE_STDLIB_H 1
| #define HAVE_STRING_H 1
| #define HAVE_MEMORY_H 1
| #define HAVE_STRINGS_H 1
| #define HAVE_INTTYPES_H 1
| #define HAVE_STDINT_H 1
| #define HAVE_UNISTD_H 1
| #define __EXTENSIONS__ 1
| #define _ALL_SOURCE 1
| #define _GNU_SOURCE 1
| #define _POSIX_PTHREAD_SEMANTICS 1
| #define _TANDEM_SOURCE 1
| #define HAVE_DLFCN_H 1
| #define LT_OBJDIR ".libs/"
| #define STDC_HEADERS 1
| #define HAVE_STDINT_H 1
| #define HAVE_SYS_TYPES_H 1
| #define HAVE_SIGNAL_H 1
| #define HAVE_FCNTL_H 1
| #define HAVE_MALLOC_H 1
| #define HAVE_LOCALE_H 1
| #define HAVE_STDDEF_H 1
| #define HAVE_WCHAR_H 1
| #define HAVE_DLFCN_H 1
| #define HAVE_SYS_TIME_H 1
| #define HAVE_SYS_WAIT_H 1
| #define HAVE_SIG_ATOMIC_T 1
| #define COB_KEYWORD_INLINE __inline
| #define HAVE_VPRINTF 1
| #define HAVE_MEMMOVE 1
| #define HAVE_MEMSET 1
| #define HAVE_SETLOCALE 1
| #define HAVE_FCNTL 1
| #define HAVE_STRERROR 1
| #define HAVE_STRCASECMP 1
| #define HAVE_STRCHR 1
| #define HAVE_STRRCHR 1
| #define HAVE_STRDUP 1
| #define HAVE_STRSTR 1
| #define HAVE_STRTOL 1
| #define HAVE_GETTIMEOFDAY 1
| #define HAVE_LOCALECONV 1
| #define HAVE_READLINK 1
| #define HAVE_CANONICALIZE_FILE_NAME 1
| #define HAVE_REALPATH 1
| #define HAVE_STRCOLL 1
| #define HAVE_STRXFRM 1
| #define HAVE_SETENV 1
| #define HAVE_RAISE 1
| #define HAVE_TIMEZONE 1
| #define HAVE_DESIGNATED_INITS 1
| #define WITH_VARSEQ 0
| #define HAVE_GMP_H 1
| #define HAVE_MP_GET_MEMORY_FUNCTIONS 1
| #define HAVE_NANO_SLEEP 1
| #define HAVE_CLOCK_GETTIME 1
| #define HAVE_ISFINITE 1
| #define HAVE_FDATASYNC 1
| #define HAVE_SIGACTION 1
| /* end confdefs.h.  */
| 
| #include <stdlib.h>
| #include <iconv.h>
| 
| int
| main ()
| {
| iconv_t cd = iconv_open("","");
|            iconv(cd,NULL,NULL,NULL,NULL);
|            iconv_close(cd);
|   ;
|   return 0;
| }
configure:16292: gcc -o conftest.exe -g -O2   conftest.c  -liconv >&5
configure:16292: $? = 0
configure:16302: result: yes
configure:16305: checking for working iconv
configure:16434: gcc -o conftest.exe -g -O2   conftest.c  -liconv >&5
configure:16434: $? = 0
configure:16434: ./conftest.exe
configure:16434: $? = 0
configure:16446: result: yes
configure:16461: checking how to link with libiconv
configure:16463: result: -liconv
configure:16935: checking for GNU gettext in libintl
configure:16972: gcc -o conftest.exe -g -O2    conftest.c  -lintl >&5
configure:16972: $? = 0
configure:17022: result: yes
configure:17057: checking whether to use NLS
configure:17059: result: yes
configure:17062: checking where the gettext function comes from
configure:17073: result: external libintl
configure:17081: checking how to link with libintl
configure:17083: result: -lintl
configure:17139: checking for nl_langinfo and CODESET
configure:17155: gcc -o conftest.exe -g -O2   conftest.c  >&5
configure:17155: $? = 0
configure:17164: result: yes
configure:17174: Checks for curses ...
configure:17178: checking for initscr in -lncursesw
configure:17203: gcc -o conftest.exe -g -O2   conftest.c -lncursesw   >&5
configure:17203: $? = 0
configure:17212: result: yes
configure:17226: checking ncursesw/ncurses.h usability
configure:17226: gcc -c -g -O2  conftest.c >&5
configure:17226: $? = 0
configure:17226: result: yes
configure:17226: checking ncursesw/ncurses.h presence
configure:17226: gcc -E  conftest.c
configure:17226: $? = 0
configure:17226: result: yes
configure:17226: checking for ncursesw/ncurses.h
configure:17226: result: yes
configure:17558: checking for ncurses _nc_freeall function
configure:17572: gcc -o conftest.exe -g -O2   conftest.c -lncursesw  >&5
configure:17572: $? = 0
configure:17574: result: yes
configure:17582: checking for ncurses use_legacy_coding function
configure:17596: gcc -o conftest.exe -g -O2   conftest.c -lncursesw  >&5
configure:17596: $? = 0
configure:17598: result: yes
configure:17609: checking for curses color_set function
configure:17636: gcc -o conftest.exe -g -O2   conftest.c -lncursesw  >&5
configure:17636: $? = 0
configure:17638: result: yes
configure:17650: Checks for Berkeley DB ...
configure:17655: checking db.h usability
configure:17655: gcc -c -g -O2  conftest.c >&5
configure:17655: $? = 0
configure:17655: result: yes
configure:17655: checking db.h presence
configure:17655: gcc -E  conftest.c
configure:17655: $? = 0
configure:17655: result: yes
configure:17655: checking for db.h
configure:17655: result: yes
configure:17693: gcc -o conftest.exe -g -O2   conftest.c -lncursesw  >&5
configure:17693: $? = 0
configure:17693: ./conftest.exe
configure:17693: $? = 0
configure:17707: db.h reports version "-Berkeley DB 5.3.28: (September  9, 2013)-"
configure:17710: checking for Berkeley DB db.h version >= 4.1
configure:17714: result: yes (5.3)
configure:17729: checking for Berkeley DB library with version 5.3
configure:17760: gcc -o conftest.exe -g -O2   conftest.c -lncursesw  -ldb-5.3 >&5
configure:17760: $? = 0
configure:17760: ./conftest.exe
configure:17760: $? = 0
configure:17774: result: yes
configure:17776: BDB library version 5.3 found as -ldb-5.3
configure:17813: gcc -o conftest.exe -g -O2   conftest.c -lncursesw  >&5
configure:17813: $? = 0
configure:17813: ./conftest.exe
configure:17813: $? = 1
configure: program exited with status 1
configure: failed program was:
| /* confdefs.h */
| #define PACKAGE_NAME "GnuCOBOL"
| #define PACKAGE_TARNAME "gnucobol"
| #define PACKAGE_VERSION "2.2"
| #define PACKAGE_STRING "GnuCOBOL 2.2"
| #define PACKAGE_BUGREPORT "bug-gnucobol@gnu.org"
| #define PACKAGE_URL "https://www.gnu.org/software/gnucobol/"
| #define PACKAGE "gnucobol"
| #define VERSION "2.2"
| #define PATCH_LEVEL 0
| #define MAX_CALL_FIELD_PARAMS 192
| #define STDC_HEADERS 1
| #define HAVE_SYS_TYPES_H 1
| #define HAVE_SYS_STAT_H 1
| #define HAVE_STDLIB_H 1
| #define HAVE_STRING_H 1
| #define HAVE_MEMORY_H 1
| #define HAVE_STRINGS_H 1
| #define HAVE_INTTYPES_H 1
| #define HAVE_STDINT_H 1
| #define HAVE_UNISTD_H 1
| #define __EXTENSIONS__ 1
| #define _ALL_SOURCE 1
| #define _GNU_SOURCE 1
| #define _POSIX_PTHREAD_SEMANTICS 1
| #define _TANDEM_SOURCE 1
| #define HAVE_DLFCN_H 1
| #define LT_OBJDIR ".libs/"
| #define STDC_HEADERS 1
| #define HAVE_STDINT_H 1
| #define HAVE_SYS_TYPES_H 1
| #define HAVE_SIGNAL_H 1
| #define HAVE_FCNTL_H 1
| #define HAVE_MALLOC_H 1
| #define HAVE_LOCALE_H 1
| #define HAVE_STDDEF_H 1
| #define HAVE_WCHAR_H 1
| #define HAVE_DLFCN_H 1
| #define HAVE_SYS_TIME_H 1
| #define HAVE_SYS_WAIT_H 1
| #define HAVE_SIG_ATOMIC_T 1
| #define COB_KEYWORD_INLINE __inline
| #define HAVE_VPRINTF 1
| #define HAVE_MEMMOVE 1
| #define HAVE_MEMSET 1
| #define HAVE_SETLOCALE 1
| #define HAVE_FCNTL 1
| #define HAVE_STRERROR 1
| #define HAVE_STRCASECMP 1
| #define HAVE_STRCHR 1
| #define HAVE_STRRCHR 1
| #define HAVE_STRDUP 1
| #define HAVE_STRSTR 1
| #define HAVE_STRTOL 1
| #define HAVE_GETTIMEOFDAY 1
| #define HAVE_LOCALECONV 1
| #define HAVE_READLINK 1
| #define HAVE_CANONICALIZE_FILE_NAME 1
| #define HAVE_REALPATH 1
| #define HAVE_STRCOLL 1
| #define HAVE_STRXFRM 1
| #define HAVE_SETENV 1
| #define HAVE_RAISE 1
| #define HAVE_TIMEZONE 1
| #define HAVE_DESIGNATED_INITS 1
| #define WITH_VARSEQ 0
| #define HAVE_GMP_H 1
| #define HAVE_MP_GET_MEMORY_FUNCTIONS 1
| #define HAVE_NANO_SLEEP 1
| #define HAVE_CLOCK_GETTIME 1
| #define HAVE_ISFINITE 1
| #define HAVE_FDATASYNC 1
| #define HAVE_SIGACTION 1
| #define HAVE_ICONV 1
| #define ENABLE_NLS 1
| #define HAVE_GETTEXT 1
| #define HAVE_DCGETTEXT 1
| #define HAVE_LANGINFO_CODESET 1
| #define HAVE_LIBNCURSESW 1
| #define HAVE_NCURSESW_NCURSES_H 1
| #define WITH_CURSES "ncursesw"
| #define HAVE_CURSES_FREEALL 1
| #define HAVE_USE_LEGACY_CODING 1
| #define HAVE_COLOR_SET 1
| #define HAVE_DB_H 1
| #define WITH_DB 1
| /* end confdefs.h.  */
| 
| int
| main ()
| {
| 
| 	#ifdef _WIN32
| 	return 0;
| 	#else
| 	return 1;
| 	#endif
|   ;
|   return 0;
| }
configure:17823: checking for dlopen in -lc
configure:17848: gcc -o conftest.exe -g -O2   conftest.c -lc  -lncursesw  >&5
configure:17848: $? = 0
configure:17857: result: yes
configure:18040: checking for dladdr in -lc
configure:18065: gcc -o conftest.exe -g -O2   conftest.c -lc  -lncursesw  >&5
configure:18065: $? = 0
configure:18074: result: yes
configure:18145: checking for working strftime
configure:18177: gcc -o conftest.exe -g -O2   conftest.c -lncursesw  >&5
configure:18177: $? = 0
configure:18177: ./conftest.exe
configure:18177: $? = 0
configure:18181: result: yes
configure:18193: checking if size of long int = size of long long
configure:18216: gcc -o conftest.exe -g -O2   conftest.c -lncursesw  >&5
configure:18216: $? = 0
configure:18216: ./conftest.exe
configure:18216: $? = 0
configure:18218: result: yes
configure:18229: checking if long is 32 bits
configure:18252: gcc -o conftest.exe -g -O2   conftest.c -lncursesw  >&5
configure:18252: $? = 0
configure:18252: ./conftest.exe
configure:18252: $? = 1
configure: program exited with status 1
configure: failed program was:
| /* confdefs.h */
| #define PACKAGE_NAME "GnuCOBOL"
| #define PACKAGE_TARNAME "gnucobol"
| #define PACKAGE_VERSION "2.2"
| #define PACKAGE_STRING "GnuCOBOL 2.2"
| #define PACKAGE_BUGREPORT "bug-gnucobol@gnu.org"
| #define PACKAGE_URL "https://www.gnu.org/software/gnucobol/"
| #define PACKAGE "gnucobol"
| #define VERSION "2.2"
| #define PATCH_LEVEL 0
| #define MAX_CALL_FIELD_PARAMS 192
| #define STDC_HEADERS 1
| #define HAVE_SYS_TYPES_H 1
| #define HAVE_SYS_STAT_H 1
| #define HAVE_STDLIB_H 1
| #define HAVE_STRING_H 1
| #define HAVE_MEMORY_H 1
| #define HAVE_STRINGS_H 1
| #define HAVE_INTTYPES_H 1
| #define HAVE_STDINT_H 1
| #define HAVE_UNISTD_H 1
| #define __EXTENSIONS__ 1
| #define _ALL_SOURCE 1
| #define _GNU_SOURCE 1
| #define _POSIX_PTHREAD_SEMANTICS 1
| #define _TANDEM_SOURCE 1
| #define HAVE_DLFCN_H 1
| #define LT_OBJDIR ".libs/"
| #define STDC_HEADERS 1
| #define HAVE_STDINT_H 1
| #define HAVE_SYS_TYPES_H 1
| #define HAVE_SIGNAL_H 1
| #define HAVE_FCNTL_H 1
| #define HAVE_MALLOC_H 1
| #define HAVE_LOCALE_H 1
| #define HAVE_STDDEF_H 1
| #define HAVE_WCHAR_H 1
| #define HAVE_DLFCN_H 1
| #define HAVE_SYS_TIME_H 1
| #define HAVE_SYS_WAIT_H 1
| #define HAVE_SIG_ATOMIC_T 1
| #define COB_KEYWORD_INLINE __inline
| #define HAVE_VPRINTF 1
| #define HAVE_MEMMOVE 1
| #define HAVE_MEMSET 1
| #define HAVE_SETLOCALE 1
| #define HAVE_FCNTL 1
| #define HAVE_STRERROR 1
| #define HAVE_STRCASECMP 1
| #define HAVE_STRCHR 1
| #define HAVE_STRRCHR 1
| #define HAVE_STRDUP 1
| #define HAVE_STRSTR 1
| #define HAVE_STRTOL 1
| #define HAVE_GETTIMEOFDAY 1
| #define HAVE_LOCALECONV 1
| #define HAVE_READLINK 1
| #define HAVE_CANONICALIZE_FILE_NAME 1
| #define HAVE_REALPATH 1
| #define HAVE_STRCOLL 1
| #define HAVE_STRXFRM 1
| #define HAVE_SETENV 1
| #define HAVE_RAISE 1
| #define HAVE_TIMEZONE 1
| #define HAVE_DESIGNATED_INITS 1
| #define WITH_VARSEQ 0
| #define HAVE_GMP_H 1
| #define HAVE_MP_GET_MEMORY_FUNCTIONS 1
| #define HAVE_NANO_SLEEP 1
| #define HAVE_CLOCK_GETTIME 1
| #define HAVE_ISFINITE 1
| #define HAVE_FDATASYNC 1
| #define HAVE_SIGACTION 1
| #define HAVE_ICONV 1
| #define ENABLE_NLS 1
| #define HAVE_GETTEXT 1
| #define HAVE_DCGETTEXT 1
| #define HAVE_LANGINFO_CODESET 1
| #define HAVE_LIBNCURSESW 1
| #define HAVE_NCURSESW_NCURSES_H 1
| #define WITH_CURSES "ncursesw"
| #define HAVE_CURSES_FREEALL 1
| #define HAVE_USE_LEGACY_CODING 1
| #define HAVE_COLOR_SET 1
| #define HAVE_DB_H 1
| #define WITH_DB 1
| #define USE_LIBDL 1
| #define HAVE_DLADDR 1
| #define COB_STRFTIME 1
| #define COB_LI_IS_LL 1
| /* end confdefs.h.  */
| 
| int
| main ()
| {
| 
| 	if (sizeof (long) == 4)
| 		return 0;
| 	return 1;
| 
|   ;
|   return 0;
| }
configure:18257: result: no
configure:18267: checking if pointer is longer than 32 bits
configure:18290: gcc -o conftest.exe -g -O2   conftest.c -lncursesw  >&5
configure:18290: $? = 0
configure:18290: ./conftest.exe
configure:18290: $? = 0
configure:18294: result: yes
configure:18330: checking for aligned attribute
configure:18343: gcc -c -g -O2  conftest.c >&5
configure:18343: $? = 0
configure:18345: result: yes
configure:18474: checking for gcc pointer sign option
configure:18487: gcc -c -O2 -pipe -Wno-pointer-sign  conftest.c >&5
configure:18487: $? = 0
configure:18488: result: yes
configure:18622: checking for ld bind now option
configure:18635: gcc -o conftest.exe -O2 -pipe   -Wl,-z,relro,-z,now,-O1 conftest.c  >&5
/usr/lib/gcc/x86_64-pc-cygwin/7.4.0/../../../../x86_64-pc-cygwin/bin/ld: unrecognized option '-z'
/usr/lib/gcc/x86_64-pc-cygwin/7.4.0/../../../../x86_64-pc-cygwin/bin/ld: use the --help option for usage information
collect2: error: ld returned 1 exit status
configure:18635: $? = 1
configure: failed program was:
| /* confdefs.h */
| #define PACKAGE_NAME "GnuCOBOL"
| #define PACKAGE_TARNAME "gnucobol"
| #define PACKAGE_VERSION "2.2"
| #define PACKAGE_STRING "GnuCOBOL 2.2"
| #define PACKAGE_BUGREPORT "bug-gnucobol@gnu.org"
| #define PACKAGE_URL "https://www.gnu.org/software/gnucobol/"
| #define PACKAGE "gnucobol"
| #define VERSION "2.2"
| #define PATCH_LEVEL 0
| #define MAX_CALL_FIELD_PARAMS 192
| #define STDC_HEADERS 1
| #define HAVE_SYS_TYPES_H 1
| #define HAVE_SYS_STAT_H 1
| #define HAVE_STDLIB_H 1
| #define HAVE_STRING_H 1
| #define HAVE_MEMORY_H 1
| #define HAVE_STRINGS_H 1
| #define HAVE_INTTYPES_H 1
| #define HAVE_STDINT_H 1
| #define HAVE_UNISTD_H 1
| #define __EXTENSIONS__ 1
| #define _ALL_SOURCE 1
| #define _GNU_SOURCE 1
| #define _POSIX_PTHREAD_SEMANTICS 1
| #define _TANDEM_SOURCE 1
| #define HAVE_DLFCN_H 1
| #define LT_OBJDIR ".libs/"
| #define STDC_HEADERS 1
| #define HAVE_STDINT_H 1
| #define HAVE_SYS_TYPES_H 1
| #define HAVE_SIGNAL_H 1
| #define HAVE_FCNTL_H 1
| #define HAVE_MALLOC_H 1
| #define HAVE_LOCALE_H 1
| #define HAVE_STDDEF_H 1
| #define HAVE_WCHAR_H 1
| #define HAVE_DLFCN_H 1
| #define HAVE_SYS_TIME_H 1
| #define HAVE_SYS_WAIT_H 1
| #define HAVE_SIG_ATOMIC_T 1
| #define COB_KEYWORD_INLINE __inline
| #define HAVE_VPRINTF 1
| #define HAVE_MEMMOVE 1
| #define HAVE_MEMSET 1
| #define HAVE_SETLOCALE 1
| #define HAVE_FCNTL 1
| #define HAVE_STRERROR 1
| #define HAVE_STRCASECMP 1
| #define HAVE_STRCHR 1
| #define HAVE_STRRCHR 1
| #define HAVE_STRDUP 1
| #define HAVE_STRSTR 1
| #define HAVE_STRTOL 1
| #define HAVE_GETTIMEOFDAY 1
| #define HAVE_LOCALECONV 1
| #define HAVE_READLINK 1
| #define HAVE_CANONICALIZE_FILE_NAME 1
| #define HAVE_REALPATH 1
| #define HAVE_STRCOLL 1
| #define HAVE_STRXFRM 1
| #define HAVE_SETENV 1
| #define HAVE_RAISE 1
| #define HAVE_TIMEZONE 1
| #define HAVE_DESIGNATED_INITS 1
| #define WITH_VARSEQ 0
| #define HAVE_GMP_H 1
| #define HAVE_MP_GET_MEMORY_FUNCTIONS 1
| #define HAVE_NANO_SLEEP 1
| #define HAVE_CLOCK_GETTIME 1
| #define HAVE_ISFINITE 1
| #define HAVE_FDATASYNC 1
| #define HAVE_SIGACTION 1
| #define HAVE_ICONV 1
| #define ENABLE_NLS 1
| #define HAVE_GETTEXT 1
| #define HAVE_DCGETTEXT 1
| #define HAVE_LANGINFO_CODESET 1
| #define HAVE_LIBNCURSESW 1
| #define HAVE_NCURSESW_NCURSES_H 1
| #define WITH_CURSES "ncursesw"
| #define HAVE_CURSES_FREEALL 1
| #define HAVE_USE_LEGACY_CODING 1
| #define HAVE_COLOR_SET 1
| #define HAVE_DB_H 1
| #define WITH_DB 1
| #define USE_LIBDL 1
| #define HAVE_DLADDR 1
| #define COB_STRFTIME 1
| #define COB_LI_IS_LL 1
| #define COB_64_BIT_POINTER 1
| #define HAVE_ATTRIBUTE_ALIGNED 1
| /* end confdefs.h.  */
| 
| int
| main ()
| {
| int testint;
|   ;
|   return 0;
| }
configure:18640: result: no
configure:18869: checking that generated files are newer than configure
configure:18875: result: done
configure:18907: creating ./config.status

## ---------------------- ##
## Running config.status. ##
## ---------------------- ##

This file was extended by GnuCOBOL config.status 2.2, which was
generated by GNU Autoconf 2.69.  Invocation command line was

  CONFIG_FILES    = 
  CONFIG_HEADERS  = 
  CONFIG_LINKS    = 
  CONFIG_COMMANDS = 
  $ ./config.status 

on DESKTOP-JQ7L08R

config.status:1360: creating bin/cob-config
config.status:1360: creating Makefile
config.status:1360: creating libcob/Makefile
config.status:1360: creating lib/Makefile
config.status:1360: creating cobc/Makefile
config.status:1360: creating bin/Makefile
config.status:1360: creating po/Makefile.in
config.status:1360: creating doc/Makefile
config.status:1360: creating config/Makefile
config.status:1360: creating copy/Makefile
config.status:1360: creating tests/atlocal
config.status:1360: creating tests/Makefile
config.status:1360: creating tests/cobol85/Makefile
config.status:1360: creating extras/Makefile
config.status:1360: creating config.h
config.status:1541: config.h is unchanged
config.status:1589: executing tests/atconfig commands
config.status:1589: executing depfiles commands
config.status:1589: executing libtool commands
config.status:1589: executing po-directories commands
config.status:1589: executing chmod commands
configure:21221: GnuCOBOL Configuration:
configure:21223:  CC                gcc
configure:21225:  CFLAGS            -O2 -pipe -finline-functions -fsigned-char -Wall -Wwrite-strings -Wmissing-prototypes -Wno-format-y2k -U_FORTIFY_SOURCE
configure:21227:  COB_CFLAGS        -I/usr/local/include -Wno-unused -fsigned-char -Wno-pointer-sign -pipe
configure:21229:  LDFLAGS           
configure:21231:  COB_LDFLAGS       
configure:21234:  COBC_LIBS          -lintl
configure:21237:  COB_LIBS          -L${exec_prefix}/lib -lcob -lm -lgmp -lintl -lncursesw -ldb-5.3
configure:21239:  COB_CONFIG_DIR    ${datarootdir}/gnucobol/config
configure:21241:  COB_COPY_DIR      ${datarootdir}/gnucobol/copy
configure:21243:  COB_LIBRARY_PATH  ${exec_prefix}/lib/gnucobol
configure:21245:  COB_OBJECT_EXT    o
configure:21247:  COB_MODULE_EXT    dll
configure:21249:  COB_EXE_EXT       .exe
configure:21251:  COB_SHARED_OPT    -shared
configure:21253:  COB_PIC_FLAGS     -DDLL_EXPORT -DPIC
configure:21255:  COB_EXPORT_DYN    -Wl,--export-all-symbols -Wl,--enable-auto-import -Wl,--enable-auto-image-base
configure:21258:  COB_STRIP_CMD     strip --strip-unneeded
configure:21262:  Dynamic loading:                             System
configure:21268:  Use gettext for international messages:      yes
configure:21270:  Use fcntl for file locking:                  yes
configure:21282:  Use ncurses/pdcurses/curses for screen I/O:  ncursesw
configure:21303:  Use Berkeley DB for ISAM I/O:                yes

## ---------------- ##
## Cache variables. ##
## ---------------- ##

ac_cv_build=x86_64-unknown-cygwin
ac_cv_c_bigendian=no
ac_cv_c_compiler_gnu=yes
ac_cv_c_const=yes
ac_cv_env_CC_set=
ac_cv_env_CC_value=
ac_cv_env_CFLAGS_set=
ac_cv_env_CFLAGS_value=
ac_cv_env_CPPFLAGS_set=
ac_cv_env_CPPFLAGS_value=
ac_cv_env_CPP_set=
ac_cv_env_CPP_value=
ac_cv_env_LDFLAGS_set=
ac_cv_env_LDFLAGS_value=
ac_cv_env_LIBS_set=
ac_cv_env_LIBS_value=
ac_cv_env_LT_SYS_LIBRARY_PATH_set=
ac_cv_env_LT_SYS_LIBRARY_PATH_value=
ac_cv_env_YACC_set=
ac_cv_env_YACC_value=
ac_cv_env_YFLAGS_set=
ac_cv_env_YFLAGS_value=
ac_cv_env_build_alias_set=
ac_cv_env_build_alias_value=
ac_cv_env_host_alias_set=
ac_cv_env_host_alias_value=
ac_cv_env_target_alias_set=
ac_cv_env_target_alias_value=
ac_cv_exeext=.exe
ac_cv_func__doprnt=no
ac_cv_func_canonicalize_file_name=yes
ac_cv_func_fcntl=yes
ac_cv_func_fdatasync=yes
ac_cv_func_getexecname=no
ac_cv_func_gettimeofday=yes
ac_cv_func_localeconv=yes
ac_cv_func_memmove=yes
ac_cv_func_memset=yes
ac_cv_func_raise=yes
ac_cv_func_readlink=yes
ac_cv_func_realpath=yes
ac_cv_func_setenv=yes
ac_cv_func_setlocale=yes
ac_cv_func_sigaction=yes
ac_cv_func_strcasecmp=yes
ac_cv_func_strchr=yes
ac_cv_func_strcoll=yes
ac_cv_func_strdup=yes
ac_cv_func_strerror=yes
ac_cv_func_strrchr=yes
ac_cv_func_strstr=yes
ac_cv_func_strtol=yes
ac_cv_func_strxfrm=yes
ac_cv_func_vprintf=yes
ac_cv_header_db_h=yes
ac_cv_header_dlfcn_h=yes
ac_cv_header_fcntl_h=yes
ac_cv_header_gmp_h=yes
ac_cv_header_inttypes_h=yes
ac_cv_header_locale_h=yes
ac_cv_header_malloc_h=yes
ac_cv_header_memory_h=yes
ac_cv_header_minix_config_h=no
ac_cv_header_ncursesw_ncurses_h=yes
ac_cv_header_signal_h=yes
ac_cv_header_stdc=yes
ac_cv_header_stddef_h=yes
ac_cv_header_stdint_h=yes
ac_cv_header_stdlib_h=yes
ac_cv_header_string_h=yes
ac_cv_header_strings_h=yes
ac_cv_header_sys_stat_h=yes
ac_cv_header_sys_time_h=yes
ac_cv_header_sys_types_h=yes
ac_cv_header_sys_wait_h=yes
ac_cv_header_unistd_h=yes
ac_cv_header_wchar_h=yes
ac_cv_host=x86_64-unknown-cygwin
ac_cv_lib_c_dladdr=yes
ac_cv_lib_c_dlopen=yes
ac_cv_lib_gmp___gmp_get_memory_functions=yes
ac_cv_lib_gmp___gmpz_init=yes
ac_cv_lib_ncursesw_initscr=yes
ac_cv_objext=o
ac_cv_path_EGREP='/usr/bin/grep -E'
ac_cv_path_FGREP='/usr/bin/grep -F'
ac_cv_path_GMSGFMT=/usr/bin/msgfmt
ac_cv_path_GREP=/usr/bin/grep
ac_cv_path_MSGFMT=/usr/bin/msgfmt
ac_cv_path_MSGMERGE=/usr/bin/msgmerge
ac_cv_path_SED=/usr/bin/sed
ac_cv_path_XGETTEXT=/usr/bin/xgettext
ac_cv_path_install='/usr/bin/install -c'
ac_cv_path_lt_DD=/usr/bin/dd
ac_cv_path_mkdir=/usr/bin/mkdir
ac_cv_prog_AWK=gawk
ac_cv_prog_CPP='gcc -E'
ac_cv_prog_ac_ct_AR=ar
ac_cv_prog_ac_ct_AS=as
ac_cv_prog_ac_ct_CC=gcc
ac_cv_prog_ac_ct_DLLTOOL=dlltool
ac_cv_prog_ac_ct_OBJDUMP=objdump
ac_cv_prog_ac_ct_RANLIB=ranlib
ac_cv_prog_ac_ct_STRIP=strip
ac_cv_prog_cc_c89=
ac_cv_prog_cc_c99=
ac_cv_prog_cc_g=yes
ac_cv_prog_cc_stdc=
ac_cv_prog_make_make_set=yes
ac_cv_safe_to_define___extensions__=yes
ac_cv_struct_tm=time.h
ac_cv_type_sig_atomic_t=yes
ac_cv_type_size_t=yes
acl_cv_hardcode_direct=no
acl_cv_hardcode_libdir_flag_spec='-L$libdir'
acl_cv_hardcode_libdir_separator=
acl_cv_hardcode_minus_L=no
acl_cv_libext=a
acl_cv_libname_spec='lib$name'
acl_cv_library_names_spec='$libname.dll.a $libname.lib'
acl_cv_path_LD=/usr/x86_64-pc-cygwin/bin/ld.exe
acl_cv_prog_gnu_ld=yes
acl_cv_rpath=done
acl_cv_shlibext=dll
acl_cv_wl=-Wl,
am_cv_CC_dependencies_compiler_type=gcc3
am_cv_func_iconv=yes
am_cv_func_iconv_works=yes
am_cv_langinfo_codeset=yes
am_cv_lib_iconv=yes
am_cv_make_support_nested_variables=yes
am_cv_prog_cc_c_o=yes
gt_cv_func_CFLocaleCopyCurrent=no
gt_cv_func_CFPreferencesCopyAppValue=no
gt_cv_func_gnugettext1_libc=no
gt_cv_func_gnugettext1_libintl=yes
lt_cv_ar_at_file=@
lt_cv_archive_cmds_need_lc=yes
lt_cv_deplibs_check_method='file_magic ^x86 archive import|^x86 DLL'
lt_cv_dlopen=dlopen
lt_cv_dlopen_libs=
lt_cv_dlopen_self=yes
lt_cv_dlopen_self_static=yes
lt_cv_file_magic_cmd=func_win32_libid
lt_cv_file_magic_test_file=
lt_cv_ld_reload_flag=-r
lt_cv_nm_interface='BSD nm'
lt_cv_objdir=.libs
lt_cv_path_LD=/usr/x86_64-pc-cygwin/bin/ld.exe
lt_cv_path_NM='/usr/bin/nm -B'
lt_cv_path_mainfest_tool=no
lt_cv_prog_compiler_c_o=yes
lt_cv_prog_compiler_pic='-DDLL_EXPORT -DPIC'
lt_cv_prog_compiler_pic_works=yes
lt_cv_prog_compiler_rtti_exceptions=no
lt_cv_prog_compiler_static_works=yes
lt_cv_prog_gnu_ld=yes
lt_cv_sharedlib_from_linklib_cmd=func_cygming_dll_for_implib
lt_cv_sys_global_symbol_pipe='sed -n -e '\''s/^.*[	 ]\([ABCDGIRSTW][ABCDGIRSTW]*\)[	 ][	 ]*\([_A-Za-z][_A-Za-z0-9]*\)$/\1 \2 \2/p'\'' | sed '\''/ __gnu_lto/d'\'''
lt_cv_sys_global_symbol_to_c_name_address='sed -n -e '\''s/^: \(.*\) .*$/  {"\1", (void *) 0},/p'\'' -e '\''s/^[ABCDGIRSTW][ABCDGIRSTW]* .* \(.*\)$/  {"\1", (void *) \&\1},/p'\'''
lt_cv_sys_global_symbol_to_c_name_address_lib_prefix='sed -n -e '\''s/^: \(.*\) .*$/  {"\1", (void *) 0},/p'\'' -e '\''s/^[ABCDGIRSTW][ABCDGIRSTW]* .* \(lib.*\)$/  {"\1", (void *) \&\1},/p'\'' -e '\''s/^[ABCDGIRSTW][ABCDGIRSTW]* .* \(.*\)$/  {"lib\1", (void *) \&\1},/p'\'''
lt_cv_sys_global_symbol_to_cdecl='sed -n -e '\''s/^T .* \(.*\)$/extern int \1();/p'\'' -e '\''s/^[ABCDGIRSTW][ABCDGIRSTW]* .* \(.*\)$/extern char \1;/p'\'''
lt_cv_sys_global_symbol_to_import=
lt_cv_sys_max_cmd_len=8192
lt_cv_to_host_file_cmd=func_convert_file_noop
lt_cv_to_tool_file_cmd=func_convert_file_noop
lt_cv_truncate_bin='/usr/bin/dd bs=4096 count=1'

## ----------------- ##
## Output variables. ##
## ----------------- ##














	@echo "Need to reconfigure with --enable-code-coverage"
	@echo "Need to reconfigure with --enable-code-coverage"
 $(CODE_COVERAGE_IGNORE_PATTERN);
 $(CODE_COVERAGE_OUTPUT_FILE);
#
#
#    $(PACKAGE_NAME)-$(PACKAGE_VERSION)-coverage)
#    $(PACKAGE_NAME)-$(PACKAGE_VERSION)-coverage.info)
#    (Default: $(top_builddir))
#    (Default: empty)
#    Multiple directories may be specified, separated by whitespace.
#    by lcov for code coverage. (Default:
#    collecting lcov instance. (Default: $CODE_COVERAGE_LCOV_OPTIONS_GCOVPATH)
#    genhtml instance. (Default: based on $CODE_COVERAGE_BRANCH_COVERAGE)
#    instance. (Default: $CODE_COVERAGE_GENHTML_OPTIONS_DEFAULT)
#    instance. (Default: $CODE_COVERAGE_LCOV_OPTIONS_DEFAULT)
#    instance. (Default: $CODE_COVERAGE_LCOV_RMOPTS_DEFAULT)
#    instances. (Default: $CODE_COVERAGE_LCOV_SHOPTS_DEFAULT)
#    instances. (Default: based on $CODE_COVERAGE_BRANCH_COVERAGE)
#    lcov instance. (Default: empty)
#    reports to be created. (Default:
#    set to 0 to disable it and leave empty to stay with the default.
#  - CODE_COVERAGE_BRANCH_COVERAGE: Set to 1 to enforce branch coverage,
#  - CODE_COVERAGE_DIRECTORY: Top-level directory for code coverage reporting.
#  - CODE_COVERAGE_GENHTML_OPTIONS: Extra options to pass to the genhtml
#  - CODE_COVERAGE_GENHTML_OPTIONS_DEFAULT: Extra options to pass to the
#  - CODE_COVERAGE_IGNORE_PATTERN: Extra glob pattern of files to ignore
#  - CODE_COVERAGE_LCOV_OPTIONS: Extra options to pass to the collecting lcov
#  - CODE_COVERAGE_LCOV_OPTIONS_DEFAULT: Extra options to pass to the
#  - CODE_COVERAGE_LCOV_OPTIONS_GCOVPATH: --gcov-tool pathtogcov
#  - CODE_COVERAGE_LCOV_RMOPTS: Extra options to pass to the filtering lcov
#  - CODE_COVERAGE_LCOV_RMOPTS_DEFAULT: Extra options to pass to the filtering
#  - CODE_COVERAGE_LCOV_SHOPTS: Extra options to shared between both lcov
#  - CODE_COVERAGE_LCOV_SHOPTS_DEFAULT: Extra options shared between both lcov
#  - CODE_COVERAGE_OUTPUT_DIRECTORY: Directory for generated code coverage
#  - CODE_COVERAGE_OUTPUT_FILE: Filename and path for the .info file generated
# $(PACKAGE_VERSION). In order to add the current git hash to the title,
# Capture code coverage data
# Code coverage
# Hook rule executed before code-coverage-capture, overridable by the user
# Optional variables
# Optional:
# The generated report will be titled using the $(PACKAGE_NAME) and
# Use recursive makes in order to ignore errors during check
# sanitizes the test-name: replaces with underscores: dashes and dots
# use the git-version-gen script, available online.
$(if $(CODE_COVERAGE_BRANCH_COVERAGE),\
'
--rc genhtml_branch_coverage=$(CODE_COVERAGE_BRANCH_COVERAGE))
--rc lcov_branch_coverage=$(CODE_COVERAGE_BRANCH_COVERAGE))
.PHONY: check-code-coverage code-coverage-capture code-coverage-capture-hook code-coverage-clean
ACLOCAL='${SHELL} /cygdrive/c/OC/gnucobol-2.2/build_aux/missing aclocal-1.15'
AMDEPBACKSLASH='\'
AMDEP_FALSE='#'
AMDEP_TRUE=''
AMTAR='$${TAR-tar}'
AM_BACKSLASH='\'
AM_DEFAULT_V='$(AM_DEFAULT_VERBOSITY)'
AM_DEFAULT_VERBOSITY='1'
AM_DISTCHECK_CONFIGURE_FLAGS += --disable-code-coverage
AM_DISTCHECK_CONFIGURE_FLAGS ?=
AM_V='$(V)'
AR='ar'
AS='as'
AUTOCONF='${SHELL} /cygdrive/c/OC/gnucobol-2.2/build_aux/missing autoconf'
AUTOHEADER='${SHELL} /cygdrive/c/OC/gnucobol-2.2/build_aux/missing autoheader'
AUTOMAKE='${SHELL} /cygdrive/c/OC/gnucobol-2.2/build_aux/missing automake-1.15'
AWK='gawk'
CC='gcc'
CCDEPMODE='depmode=gcc3'
CFLAGS='-O2 -pipe -finline-functions -fsigned-char -Wall -Wwrite-strings -Wmissing-prototypes -Wno-format-y2k -U_FORTIFY_SOURCE'
COBC_LIBS=' -lintl'
COB_BIGENDIAN='no'
COB_CC='gcc'
COB_CFLAGS='-I/usr/local/include -Wno-unused -fsigned-char -Wno-pointer-sign -pipe'
COB_CONFIG_DIR='${datarootdir}/gnucobol/config'
COB_COPY_DIR='${datarootdir}/gnucobol/copy'
COB_EXE_EXT='.exe'
COB_EXPORT_DYN='-Wl,--export-all-symbols -Wl,--enable-auto-import -Wl,--enable-auto-image-base'
COB_FIX_LIB=''
COB_FIX_LIBTOOL='-Wl,--enable-auto-import'
COB_HAS_64_BIT_POINTER='yes'
COB_HAS_CURSES='yes'
COB_HAS_ISAM='yes'
COB_HAS_UTC_OFFSET='yes'
COB_KEYWORD_INLINE=''
COB_LDFLAGS=''
COB_LIBRARY_PATH='${exec_prefix}/lib/gnucobol'
COB_LIBS='-L${exec_prefix}/lib -lcob -lm -lgmp -lintl -lncursesw -ldb-5.3'
COB_MAKE_IX_FALSE='#'
COB_MAKE_IX_TRUE=''
COB_MODULE_EXT='dll'
COB_OBJECT_EXT='o'
COB_PATCH_LEVEL='0'
COB_PIC_FLAGS='-DDLL_EXPORT -DPIC'
COB_SHARED_OPT='-shared'
CODE_COVERAGE_BRANCH_COVERAGE ?=
CODE_COVERAGE_CFLAGS=''
CODE_COVERAGE_CPPFLAGS=''
CODE_COVERAGE_CXXFLAGS=''
CODE_COVERAGE_DIRECTORY ?= $(top_builddir)
CODE_COVERAGE_ENABLED='no'
CODE_COVERAGE_ENABLED_FALSE=''
CODE_COVERAGE_ENABLED_TRUE='#'
CODE_COVERAGE_GENHTML_OPTIONS ?= $(CODE_COVERAGE_GENHTML_OPTIONS_DEFAULT)
CODE_COVERAGE_GENHTML_OPTIONS_DEFAULT ?=\
CODE_COVERAGE_IGNORE_PATTERN ?=
CODE_COVERAGE_LCOV_OPTIONS ?= $(CODE_COVERAGE_LCOV_OPTIONS_DEFAULT)
CODE_COVERAGE_LCOV_OPTIONS_DEFAULT ?= $(CODE_COVERAGE_LCOV_OPTIONS_GCOVPATH)
CODE_COVERAGE_LCOV_OPTIONS_GCOVPATH ?= --gcov-tool "$(GCOV)"
CODE_COVERAGE_LCOV_RMOPTS ?= $(CODE_COVERAGE_LCOV_RMOPTS_DEFAULT)
CODE_COVERAGE_LCOV_RMOPTS_DEFAULT ?=
CODE_COVERAGE_LCOV_SHOPTS ?= $(CODE_COVERAGE_LCOV_SHOPTS_DEFAULT)
CODE_COVERAGE_LCOV_SHOPTS_DEFAULT ?= $(if $(CODE_COVERAGE_BRANCH_COVERAGE),\
CODE_COVERAGE_LDFLAGS=''
CODE_COVERAGE_LIBS=''
CODE_COVERAGE_OUTPUT_DIRECTORY ?= $(PACKAGE_NAME)-$(PACKAGE_VERSION)-coverage
CODE_COVERAGE_OUTPUT_FILE ?= $(PACKAGE_NAME)-$(PACKAGE_VERSION)-coverage.info
CODE_COVERAGE_RULES='
CPP='gcc -E'
CPPFLAGS=''
CYGPATH_W='cygpath -w'
DEFS='-DHAVE_CONFIG_H'
DEPDIR='.deps'
DLLTOOL='dlltool'
DSYMUTIL=''
DUMPBIN=''
ECHO_C=''
ECHO_N='-n'
ECHO_T=''
EGREP='/usr/bin/grep -E'
EXEEXT='.exe'
FGREP='/usr/bin/grep -F'
GCOV=''
GENHTML=''
GETTEXT_MACRO_VERSION='0.19'
GITIGNOREFILES += $(CODE_COVERAGE_OUTPUT_FILE) $(CODE_COVERAGE_OUTPUT_DIRECTORY)
GITIGNOREFILES ?=
GMSGFMT='/usr/bin/msgfmt'
GMSGFMT_015='/usr/bin/msgfmt'
GREP='/usr/bin/grep'
HELP2MAN='${SHELL} /cygdrive/c/OC/gnucobol-2.2/build_aux/missing help2man'
INSTALL_DATA='${INSTALL} -m 644'
INSTALL_PROGRAM='${INSTALL}'
INSTALL_SCRIPT='${INSTALL}'
INSTALL_STRIP_PROGRAM='$(install_sh) -c -s'
INTLLIBS='-lintl'
INTL_MACOSX_LIBS=''
LCOV=''
LD='/usr/x86_64-pc-cygwin/bin/ld.exe'
LDFLAGS=''
LEX='${SHELL} /cygdrive/c/OC/gnucobol-2.2/build_aux/missing flex'
LEXLIB=''
LEX_OUTPUT_ROOT=''
LIBCOB_LIBS='-lm -lgmp -lintl -lncursesw -ldb-5.3'
LIBICONV='-liconv'
LIBINTL='-lintl'
LIBOBJS=''
LIBS=''
LIBTOOL='$(SHELL) $(top_builddir)/libtool'
LIPO=''
LN_S='ln -s'
LTLIBICONV='-liconv'
LTLIBINTL='-lintl'
LTLIBOBJS=''
LT_SYS_LIBRARY_PATH=''
MAKEINFO='${SHELL} /cygdrive/c/OC/gnucobol-2.2/build_aux/missing makeinfo'
MANIFEST_TOOL=':'
MKDIR_P='/usr/bin/mkdir -p'
MSGFMT='/usr/bin/msgfmt'
MSGFMT_015='/usr/bin/msgfmt'
MSGMERGE='/usr/bin/msgmerge'
NM='/usr/bin/nm -B'
NMEDIT=''
OBJDUMP='objdump'
OBJEXT='o'
OTOOL64=''
OTOOL=''
PACKAGE='gnucobol'
PACKAGE_BUGREPORT='bug-gnucobol@gnu.org'
PACKAGE_NAME='GnuCOBOL'
PACKAGE_STRING='GnuCOBOL 2.2'
PACKAGE_TARNAME='gnucobol'
PACKAGE_URL='https://www.gnu.org/software/gnucobol/'
PACKAGE_VERSION='2.2'
PATH_SEPARATOR=':'
POSUB='po'
RANLIB='ranlib'
SED='/usr/bin/sed'
SET_MAKE=''
SHELL='/bin/sh'
STRIP='strip'
USE_NLS='yes'
VERSION='2.2'
XGETTEXT='/usr/bin/xgettext'
XGETTEXT_015='/usr/bin/xgettext'
XGETTEXT_EXTRA_OPTIONS=''
YACC='yacc'
YFLAGS=''
ac_ct_AR='ar'
ac_ct_CC='gcc'
ac_ct_DUMPBIN=''
am__EXEEXT_FALSE='#'
am__EXEEXT_TRUE=''
am__fastdepCC_FALSE='#'
am__fastdepCC_TRUE=''
am__include='include'
am__isrc=''
am__leading_dot='.'
am__nodep='_no'
am__quote=''
am__tar='$${TAR-tar} chof - "$$tardir"'
am__untar='$${TAR-tar} xf -'
bindir='${exec_prefix}/bin'
build='x86_64-unknown-cygwin'
build_alias=''
build_cpu='x86_64'
build_os='cygwin'
build_vendor='unknown'
check-code-coverage:
code-coverage-capture-hook:
code-coverage-capture: code-coverage-capture-hook
code_coverage_quiet = $(code_coverage_quiet_$(V))
code_coverage_quiet_ = $(code_coverage_quiet_$(AM_DEFAULT_VERBOSITY))
code_coverage_quiet_0 = --quiet
code_coverage_sanitize = $(subst -,_,$(subst .,_,$(1)))
code_coverage_v_genhtml = $(code_coverage_v_genhtml_$(V))
code_coverage_v_genhtml_ = $(code_coverage_v_genhtml_$(AM_DEFAULT_VERBOSITY))
code_coverage_v_genhtml_0 = @echo "  GEN   " $(CODE_COVERAGE_OUTPUT_DIRECTORY);
code_coverage_v_lcov_cap = $(code_coverage_v_lcov_cap_$(V))
code_coverage_v_lcov_cap_ = $(code_coverage_v_lcov_cap_$(AM_DEFAULT_VERBOSITY))
code_coverage_v_lcov_cap_0 = @echo "  LCOV   --capture"\
code_coverage_v_lcov_ign = $(code_coverage_v_lcov_ign_$(V))
code_coverage_v_lcov_ign_ = $(code_coverage_v_lcov_ign_$(AM_DEFAULT_VERBOSITY))
code_coverage_v_lcov_ign_0 = @echo "  LCOV   --remove /tmp/*"\
datadir='${datarootdir}'
datarootdir='${prefix}/share'
docdir='${datarootdir}/doc/${PACKAGE_TARNAME}'
dvidir='${docdir}'
exec_prefix='${prefix}'
host='x86_64-unknown-cygwin'
host_alias=''
host_cpu='x86_64'
host_os='cygwin'
host_vendor='unknown'
htmldir='${docdir}'
includedir='${prefix}/include'
infodir='${datarootdir}/info'
install_sh='${SHELL} /cygdrive/c/OC/gnucobol-2.2/build_aux/install-sh'
libdir='${exec_prefix}/lib'
libexecdir='${exec_prefix}/libexec'
localedir='${datarootdir}/locale'
localstatedir='${prefix}/var'
mandir='${datarootdir}/man'
mkdir_p='$(MKDIR_P)'
oldincludedir='/usr/include'
pdfdir='${docdir}'
prefix='/usr/local'
program_transform_name='s,x,x,'
psdir='${docdir}'
sbindir='${exec_prefix}/sbin'
sharedstatedir='${prefix}/com'
sysconfdir='${prefix}/etc'
target_alias=''

## ----------- ##
## confdefs.h. ##
## ----------- ##

/* confdefs.h */
#define PACKAGE_NAME "GnuCOBOL"
#define PACKAGE_TARNAME "gnucobol"
#define PACKAGE_VERSION "2.2"
#define PACKAGE_STRING "GnuCOBOL 2.2"
#define PACKAGE_BUGREPORT "bug-gnucobol@gnu.org"
#define PACKAGE_URL "https://www.gnu.org/software/gnucobol/"
#define PACKAGE "gnucobol"
#define VERSION "2.2"
#define PATCH_LEVEL 0
#define MAX_CALL_FIELD_PARAMS 192
#define STDC_HEADERS 1
#define HAVE_SYS_TYPES_H 1
#define HAVE_SYS_STAT_H 1
#define HAVE_STDLIB_H 1
#define HAVE_STRING_H 1
#define HAVE_MEMORY_H 1
#define HAVE_STRINGS_H 1
#define HAVE_INTTYPES_H 1
#define HAVE_STDINT_H 1
#define HAVE_UNISTD_H 1
#define __EXTENSIONS__ 1
#define _ALL_SOURCE 1
#define _GNU_SOURCE 1
#define _POSIX_PTHREAD_SEMANTICS 1
#define _TANDEM_SOURCE 1
#define HAVE_DLFCN_H 1
#define LT_OBJDIR ".libs/"
#define STDC_HEADERS 1
#define HAVE_STDINT_H 1
#define HAVE_SYS_TYPES_H 1
#define HAVE_SIGNAL_H 1
#define HAVE_FCNTL_H 1
#define HAVE_MALLOC_H 1
#define HAVE_LOCALE_H 1
#define HAVE_STDDEF_H 1
#define HAVE_WCHAR_H 1
#define HAVE_DLFCN_H 1
#define HAVE_SYS_TIME_H 1
#define HAVE_SYS_WAIT_H 1
#define HAVE_SIG_ATOMIC_T 1
#define COB_KEYWORD_INLINE __inline
#define HAVE_VPRINTF 1
#define HAVE_MEMMOVE 1
#define HAVE_MEMSET 1
#define HAVE_SETLOCALE 1
#define HAVE_FCNTL 1
#define HAVE_STRERROR 1
#define HAVE_STRCASECMP 1
#define HAVE_STRCHR 1
#define HAVE_STRRCHR 1
#define HAVE_STRDUP 1
#define HAVE_STRSTR 1
#define HAVE_STRTOL 1
#define HAVE_GETTIMEOFDAY 1
#define HAVE_LOCALECONV 1
#define HAVE_READLINK 1
#define HAVE_CANONICALIZE_FILE_NAME 1
#define HAVE_REALPATH 1
#define HAVE_STRCOLL 1
#define HAVE_STRXFRM 1
#define HAVE_SETENV 1
#define HAVE_RAISE 1
#define HAVE_TIMEZONE 1
#define HAVE_DESIGNATED_INITS 1
#define WITH_VARSEQ 0
#define HAVE_GMP_H 1
#define HAVE_MP_GET_MEMORY_FUNCTIONS 1
#define HAVE_NANO_SLEEP 1
#define HAVE_CLOCK_GETTIME 1
#define HAVE_ISFINITE 1
#define HAVE_FDATASYNC 1
#define HAVE_SIGACTION 1
#define HAVE_ICONV 1
#define ENABLE_NLS 1
#define HAVE_GETTEXT 1
#define HAVE_DCGETTEXT 1
#define HAVE_LANGINFO_CODESET 1
#define HAVE_LIBNCURSESW 1
#define HAVE_NCURSESW_NCURSES_H 1
#define WITH_CURSES "ncursesw"
#define HAVE_CURSES_FREEALL 1
#define HAVE_USE_LEGACY_CODING 1
#define HAVE_COLOR_SET 1
#define HAVE_DB_H 1
#define WITH_DB 1
#define USE_LIBDL 1
#define HAVE_DLADDR 1
#define COB_STRFTIME 1
#define COB_LI_IS_LL 1
#define COB_64_BIT_POINTER 1
#define HAVE_ATTRIBUTE_ALIGNED 1
#define COB_EXPORT_DYN "-Wl,--export-all-symbols -Wl,--enable-auto-import -Wl,--enable-auto-image-base"
#define COB_PIC_FLAGS "-DDLL_EXPORT -DPIC"
#define COB_SHARED_OPT "-shared"
#define COB_OBJECT_EXT "o"
#define COB_MODULE_EXT "dll"
#define COB_EXE_EXT ".exe"
#define COB_STRIP_CMD "strip --strip-unneeded"

configure: exit 0
